INFO - 2023-12-15 04:04:09 --> Session: Class initialized using 'CodeIgniter\Session\Handlers\FileHandler' driver.
INFO - 2023-12-15 04:07:02 --> Session: Class initialized using 'CodeIgniter\Session\Handlers\FileHandler' driver.
INFO - 2023-12-15 04:08:06 --> Session: Class initialized using 'CodeIgniter\Session\Handlers\FileHandler' driver.
INFO - 2023-12-15 04:09:33 --> Session: Class initialized using 'CodeIgniter\Session\Handlers\FileHandler' driver.
INFO - 2023-12-15 04:10:42 --> Session: Class initialized using 'CodeIgniter\Session\Handlers\FileHandler' driver.
CRITICAL - 2023-12-15 04:19:30 --> Undefined variable $uniqueTahaps
in APPPATH\Views\admin\bantuan.php on line 51.
 1 APPPATH\Views\admin\bantuan.php(51): CodeIgniter\Debug\Exceptions->errorHandler(2, 'Undefined variable $uniqueTahaps', 'APPPATH\\Views\\admin\\bantuan.php', 51)
 2 SYSTEMPATH\View\View.php(213): include('APPPATH\\Views\\admin\\bantuan.php')
 3 SYSTEMPATH\View\View.php(216): CodeIgniter\View\View->CodeIgniter\View\{closure}()
 4 SYSTEMPATH\Common.php(1177): CodeIgniter\View\View->render('admin/bantuan', [], true)
 5 APPPATH\Controllers\Bantuan.php(294): view('admin/bantuan', [...])
 6 SYSTEMPATH\CodeIgniter.php(934): App\Controllers\Bantuan->filterByYear()
 7 SYSTEMPATH\CodeIgniter.php(499): CodeIgniter\CodeIgniter->runController(Object(App\Controllers\Bantuan))
 8 SYSTEMPATH\CodeIgniter.php(368): CodeIgniter\CodeIgniter->handleRequest(null, Object(Config\Cache), false)
 9 FCPATH\index.php(67): CodeIgniter\CodeIgniter->run()
10 SYSTEMPATH\Commands\Server\rewrite.php(47): require_once('FCPATH\\index.php')
CRITICAL - 2023-12-15 04:19:36 --> Undefined variable $uniqueTahaps
in APPPATH\Views\admin\bantuan.php on line 51.
 1 APPPATH\Views\admin\bantuan.php(51): CodeIgniter\Debug\Exceptions->errorHandler(2, 'Undefined variable $uniqueTahaps', 'APPPATH\\Views\\admin\\bantuan.php', 51)
 2 SYSTEMPATH\View\View.php(213): include('APPPATH\\Views\\admin\\bantuan.php')
 3 SYSTEMPATH\View\View.php(216): CodeIgniter\View\View->CodeIgniter\View\{closure}()
 4 SYSTEMPATH\Common.php(1177): CodeIgniter\View\View->render('admin/bantuan', [], true)
 5 APPPATH\Controllers\Bantuan.php(294): view('admin/bantuan', [...])
 6 SYSTEMPATH\CodeIgniter.php(934): App\Controllers\Bantuan->filterByYear()
 7 SYSTEMPATH\CodeIgniter.php(499): CodeIgniter\CodeIgniter->runController(Object(App\Controllers\Bantuan))
 8 SYSTEMPATH\CodeIgniter.php(368): CodeIgniter\CodeIgniter->handleRequest(null, Object(Config\Cache), false)
 9 FCPATH\index.php(67): CodeIgniter\CodeIgniter->run()
10 SYSTEMPATH\Commands\Server\rewrite.php(47): require_once('FCPATH\\index.php')
CRITICAL - 2023-12-15 04:19:38 --> Undefined variable $uniqueTahaps
in APPPATH\Views\admin\bantuan.php on line 51.
 1 APPPATH\Views\admin\bantuan.php(51): CodeIgniter\Debug\Exceptions->errorHandler(2, 'Undefined variable $uniqueTahaps', 'APPPATH\\Views\\admin\\bantuan.php', 51)
 2 SYSTEMPATH\View\View.php(213): include('APPPATH\\Views\\admin\\bantuan.php')
 3 SYSTEMPATH\View\View.php(216): CodeIgniter\View\View->CodeIgniter\View\{closure}()
 4 SYSTEMPATH\Common.php(1177): CodeIgniter\View\View->render('admin/bantuan', [], true)
 5 APPPATH\Controllers\Bantuan.php(294): view('admin/bantuan', [...])
 6 SYSTEMPATH\CodeIgniter.php(934): App\Controllers\Bantuan->filterByYear()
 7 SYSTEMPATH\CodeIgniter.php(499): CodeIgniter\CodeIgniter->runController(Object(App\Controllers\Bantuan))
 8 SYSTEMPATH\CodeIgniter.php(368): CodeIgniter\CodeIgniter->handleRequest(null, Object(Config\Cache), false)
 9 FCPATH\index.php(67): CodeIgniter\CodeIgniter->run()
10 SYSTEMPATH\Commands\Server\rewrite.php(47): require_once('FCPATH\\index.php')
CRITICAL - 2023-12-15 04:19:39 --> Undefined variable $uniqueTahaps
in APPPATH\Views\admin\bantuan.php on line 51.
 1 APPPATH\Views\admin\bantuan.php(51): CodeIgniter\Debug\Exceptions->errorHandler(2, 'Undefined variable $uniqueTahaps', 'APPPATH\\Views\\admin\\bantuan.php', 51)
 2 SYSTEMPATH\View\View.php(213): include('APPPATH\\Views\\admin\\bantuan.php')
 3 SYSTEMPATH\View\View.php(216): CodeIgniter\View\View->CodeIgniter\View\{closure}()
 4 SYSTEMPATH\Common.php(1177): CodeIgniter\View\View->render('admin/bantuan', [], true)
 5 APPPATH\Controllers\Bantuan.php(294): view('admin/bantuan', [...])
 6 SYSTEMPATH\CodeIgniter.php(934): App\Controllers\Bantuan->filterByYear()
 7 SYSTEMPATH\CodeIgniter.php(499): CodeIgniter\CodeIgniter->runController(Object(App\Controllers\Bantuan))
 8 SYSTEMPATH\CodeIgniter.php(368): CodeIgniter\CodeIgniter->handleRequest(null, Object(Config\Cache), false)
 9 FCPATH\index.php(67): CodeIgniter\CodeIgniter->run()
10 SYSTEMPATH\Commands\Server\rewrite.php(47): require_once('FCPATH\\index.php')
INFO - 2023-12-15 04:19:42 --> Session: Class initialized using 'CodeIgniter\Session\Handlers\FileHandler' driver.
CRITICAL - 2023-12-15 04:19:42 --> Undefined variable $uniqueTahaps
in APPPATH\Views\admin\bantuan.php on line 51.
 1 APPPATH\Views\admin\bantuan.php(51): CodeIgniter\Debug\Exceptions->errorHandler(2, 'Undefined variable $uniqueTahaps', 'APPPATH\\Views\\admin\\bantuan.php', 51)
 2 SYSTEMPATH\View\View.php(213): include('APPPATH\\Views\\admin\\bantuan.php')
 3 SYSTEMPATH\View\View.php(216): CodeIgniter\View\View->CodeIgniter\View\{closure}()
 4 SYSTEMPATH\Common.php(1177): CodeIgniter\View\View->render('admin/bantuan', [], true)
 5 APPPATH\Controllers\Bantuan.php(48): view('admin/bantuan', [...])
 6 SYSTEMPATH\CodeIgniter.php(934): App\Controllers\Bantuan->index()
 7 SYSTEMPATH\CodeIgniter.php(499): CodeIgniter\CodeIgniter->runController(Object(App\Controllers\Bantuan))
 8 SYSTEMPATH\CodeIgniter.php(368): CodeIgniter\CodeIgniter->handleRequest(null, Object(Config\Cache), false)
 9 FCPATH\index.php(67): CodeIgniter\CodeIgniter->run()
10 SYSTEMPATH\Commands\Server\rewrite.php(47): require_once('FCPATH\\index.php')
INFO - 2023-12-15 04:19:45 --> Session: Class initialized using 'CodeIgniter\Session\Handlers\FileHandler' driver.
CRITICAL - 2023-12-15 04:19:45 --> Undefined variable $uniqueTahaps
in APPPATH\Views\admin\bantuan.php on line 51.
 1 APPPATH\Views\admin\bantuan.php(51): CodeIgniter\Debug\Exceptions->errorHandler(2, 'Undefined variable $uniqueTahaps', 'APPPATH\\Views\\admin\\bantuan.php', 51)
 2 SYSTEMPATH\View\View.php(213): include('APPPATH\\Views\\admin\\bantuan.php')
 3 SYSTEMPATH\View\View.php(216): CodeIgniter\View\View->CodeIgniter\View\{closure}()
 4 SYSTEMPATH\Common.php(1177): CodeIgniter\View\View->render('admin/bantuan', [], true)
 5 APPPATH\Controllers\Bantuan.php(48): view('admin/bantuan', [...])
 6 SYSTEMPATH\CodeIgniter.php(934): App\Controllers\Bantuan->index()
 7 SYSTEMPATH\CodeIgniter.php(499): CodeIgniter\CodeIgniter->runController(Object(App\Controllers\Bantuan))
 8 SYSTEMPATH\CodeIgniter.php(368): CodeIgniter\CodeIgniter->handleRequest(null, Object(Config\Cache), false)
 9 FCPATH\index.php(67): CodeIgniter\CodeIgniter->run()
10 SYSTEMPATH\Commands\Server\rewrite.php(47): require_once('FCPATH\\index.php')
INFO - 2023-12-15 04:23:02 --> Session: Class initialized using 'CodeIgniter\Session\Handlers\FileHandler' driver.
CRITICAL - 2023-12-15 04:23:02 --> Undefined variable $selectedTahap
in APPPATH\Controllers\Bantuan.php on line 42.
 1 APPPATH\Controllers\Bantuan.php(42): CodeIgniter\Debug\Exceptions->errorHandler(2, 'Undefined variable $selectedTahap', 'APPPATH\\Controllers\\Bantuan.php', 42)
 2 SYSTEMPATH\CodeIgniter.php(934): App\Controllers\Bantuan->index()
 3 SYSTEMPATH\CodeIgniter.php(499): CodeIgniter\CodeIgniter->runController(Object(App\Controllers\Bantuan))
 4 SYSTEMPATH\CodeIgniter.php(368): CodeIgniter\CodeIgniter->handleRequest(null, Object(Config\Cache), false)
 5 FCPATH\index.php(67): CodeIgniter\CodeIgniter->run()
 6 SYSTEMPATH\Commands\Server\rewrite.php(47): require_once('FCPATH\\index.php')
INFO - 2023-12-15 04:23:59 --> Session: Class initialized using 'CodeIgniter\Session\Handlers\FileHandler' driver.
CRITICAL - 2023-12-15 04:23:59 --> Undefined variable $selectedTahap
in APPPATH\Controllers\Bantuan.php on line 42.
 1 APPPATH\Controllers\Bantuan.php(42): CodeIgniter\Debug\Exceptions->errorHandler(2, 'Undefined variable $selectedTahap', 'APPPATH\\Controllers\\Bantuan.php', 42)
 2 SYSTEMPATH\CodeIgniter.php(934): App\Controllers\Bantuan->index()
 3 SYSTEMPATH\CodeIgniter.php(499): CodeIgniter\CodeIgniter->runController(Object(App\Controllers\Bantuan))
 4 SYSTEMPATH\CodeIgniter.php(368): CodeIgniter\CodeIgniter->handleRequest(null, Object(Config\Cache), false)
 5 FCPATH\index.php(67): CodeIgniter\CodeIgniter->run()
 6 SYSTEMPATH\Commands\Server\rewrite.php(47): require_once('FCPATH\\index.php')
INFO - 2023-12-15 04:25:29 --> Session: Class initialized using 'CodeIgniter\Session\Handlers\FileHandler' driver.
INFO - 2023-12-15 04:29:03 --> Session: Class initialized using 'CodeIgniter\Session\Handlers\FileHandler' driver.
CRITICAL - 2023-12-15 04:29:04 --> Call to undefined method App\Models\PipModel::getSiswaPipByYear
in SYSTEMPATH\Model.php on line 840.
 1 APPPATH\Controllers\Bantuan.php(40): CodeIgniter\Model->__call('getSiswaPipByYear', [...])
 2 SYSTEMPATH\CodeIgniter.php(934): App\Controllers\Bantuan->index()
 3 SYSTEMPATH\CodeIgniter.php(499): CodeIgniter\CodeIgniter->runController(Object(App\Controllers\Bantuan))
 4 SYSTEMPATH\CodeIgniter.php(368): CodeIgniter\CodeIgniter->handleRequest(null, Object(Config\Cache), false)
 5 FCPATH\index.php(67): CodeIgniter\CodeIgniter->run()
 6 SYSTEMPATH\Commands\Server\rewrite.php(47): require_once('FCPATH\\index.php')
INFO - 2023-12-15 04:30:10 --> Session: Class initialized using 'CodeIgniter\Session\Handlers\FileHandler' driver.
CRITICAL - 2023-12-15 04:30:10 --> Call to undefined method App\Models\PipModel::getSiswaPipByYear
in SYSTEMPATH\Model.php on line 840.
 1 APPPATH\Controllers\Bantuan.php(40): CodeIgniter\Model->__call('getSiswaPipByYear', [...])
 2 SYSTEMPATH\CodeIgniter.php(934): App\Controllers\Bantuan->index()
 3 SYSTEMPATH\CodeIgniter.php(499): CodeIgniter\CodeIgniter->runController(Object(App\Controllers\Bantuan))
 4 SYSTEMPATH\CodeIgniter.php(368): CodeIgniter\CodeIgniter->handleRequest(null, Object(Config\Cache), false)
 5 FCPATH\index.php(67): CodeIgniter\CodeIgniter->run()
 6 SYSTEMPATH\Commands\Server\rewrite.php(47): require_once('FCPATH\\index.php')
INFO - 2023-12-15 04:33:34 --> Session: Class initialized using 'CodeIgniter\Session\Handlers\FileHandler' driver.
CRITICAL - 2023-12-15 04:33:34 --> Call to undefined method App\Models\PipModel::getSiswaPipByYear
in SYSTEMPATH\Model.php on line 840.
 1 APPPATH\Controllers\Bantuan.php(40): CodeIgniter\Model->__call('getSiswaPipByYear', [...])
 2 SYSTEMPATH\CodeIgniter.php(934): App\Controllers\Bantuan->index()
 3 SYSTEMPATH\CodeIgniter.php(499): CodeIgniter\CodeIgniter->runController(Object(App\Controllers\Bantuan))
 4 SYSTEMPATH\CodeIgniter.php(368): CodeIgniter\CodeIgniter->handleRequest(null, Object(Config\Cache), false)
 5 FCPATH\index.php(67): CodeIgniter\CodeIgniter->run()
 6 SYSTEMPATH\Commands\Server\rewrite.php(47): require_once('FCPATH\\index.php')
INFO - 2023-12-15 04:34:07 --> Session: Class initialized using 'CodeIgniter\Session\Handlers\FileHandler' driver.
CRITICAL - 2023-12-15 04:35:49 --> Undefined variable $your_tahap_values
in APPPATH\Views\admin\bantuan.php on line 89.
 1 APPPATH\Views\admin\bantuan.php(89): CodeIgniter\Debug\Exceptions->errorHandler(2, 'Undefined variable $your_tahap_values', 'APPPATH\\Views\\admin\\bantuan.php', 89)
 2 SYSTEMPATH\View\View.php(213): include('APPPATH\\Views\\admin\\bantuan.php')
 3 SYSTEMPATH\View\View.php(216): CodeIgniter\View\View->CodeIgniter\View\{closure}()
 4 SYSTEMPATH\Common.php(1177): CodeIgniter\View\View->render('admin/bantuan', [], true)
 5 APPPATH\Controllers\Bantuan.php(287): view('admin/bantuan', [...])
 6 SYSTEMPATH\CodeIgniter.php(934): App\Controllers\Bantuan->filterByYear()
 7 SYSTEMPATH\CodeIgniter.php(499): CodeIgniter\CodeIgniter->runController(Object(App\Controllers\Bantuan))
 8 SYSTEMPATH\CodeIgniter.php(368): CodeIgniter\CodeIgniter->handleRequest(null, Object(Config\Cache), false)
 9 FCPATH\index.php(67): CodeIgniter\CodeIgniter->run()
10 SYSTEMPATH\Commands\Server\rewrite.php(47): require_once('FCPATH\\index.php')
CRITICAL - 2023-12-15 04:36:19 --> Undefined variable $selectedDana
in APPPATH\Views\admin\bantuan.php on line 95.
 1 APPPATH\Views\admin\bantuan.php(95): CodeIgniter\Debug\Exceptions->errorHandler(2, 'Undefined variable $selectedDana', 'APPPATH\\Views\\admin\\bantuan.php', 95)
 2 SYSTEMPATH\View\View.php(213): include('APPPATH\\Views\\admin\\bantuan.php')
 3 SYSTEMPATH\View\View.php(216): CodeIgniter\View\View->CodeIgniter\View\{closure}()
 4 SYSTEMPATH\Common.php(1177): CodeIgniter\View\View->render('admin/bantuan', [], true)
 5 APPPATH\Controllers\Bantuan.php(287): view('admin/bantuan', [...])
 6 SYSTEMPATH\CodeIgniter.php(934): App\Controllers\Bantuan->filterByYear()
 7 SYSTEMPATH\CodeIgniter.php(499): CodeIgniter\CodeIgniter->runController(Object(App\Controllers\Bantuan))
 8 SYSTEMPATH\CodeIgniter.php(368): CodeIgniter\CodeIgniter->handleRequest(null, Object(Config\Cache), false)
 9 FCPATH\index.php(67): CodeIgniter\CodeIgniter->run()
10 SYSTEMPATH\Commands\Server\rewrite.php(47): require_once('FCPATH\\index.php')
CRITICAL - 2023-12-15 04:36:20 --> Undefined variable $selectedDana
in APPPATH\Views\admin\bantuan.php on line 95.
 1 APPPATH\Views\admin\bantuan.php(95): CodeIgniter\Debug\Exceptions->errorHandler(2, 'Undefined variable $selectedDana', 'APPPATH\\Views\\admin\\bantuan.php', 95)
 2 SYSTEMPATH\View\View.php(213): include('APPPATH\\Views\\admin\\bantuan.php')
 3 SYSTEMPATH\View\View.php(216): CodeIgniter\View\View->CodeIgniter\View\{closure}()
 4 SYSTEMPATH\Common.php(1177): CodeIgniter\View\View->render('admin/bantuan', [], true)
 5 APPPATH\Controllers\Bantuan.php(287): view('admin/bantuan', [...])
 6 SYSTEMPATH\CodeIgniter.php(934): App\Controllers\Bantuan->filterByYear()
 7 SYSTEMPATH\CodeIgniter.php(499): CodeIgniter\CodeIgniter->runController(Object(App\Controllers\Bantuan))
 8 SYSTEMPATH\CodeIgniter.php(368): CodeIgniter\CodeIgniter->handleRequest(null, Object(Config\Cache), false)
 9 FCPATH\index.php(67): CodeIgniter\CodeIgniter->run()
10 SYSTEMPATH\Commands\Server\rewrite.php(47): require_once('FCPATH\\index.php')
INFO - 2023-12-15 04:36:38 --> Session: Class initialized using 'CodeIgniter\Session\Handlers\FileHandler' driver.
INFO - 2023-12-15 04:56:36 --> Session: Class initialized using 'CodeIgniter\Session\Handlers\FileHandler' driver.
INFO - 2023-12-15 05:02:03 --> Session: Class initialized using 'CodeIgniter\Session\Handlers\FileHandler' driver.
CRITICAL - 2023-12-15 05:02:03 --> Undefined variable $tahapPip
in APPPATH\Views\admin\bantuan.php on line 89.
 1 APPPATH\Views\admin\bantuan.php(89): CodeIgniter\Debug\Exceptions->errorHandler(2, 'Undefined variable $tahapPip', 'APPPATH\\Views\\admin\\bantuan.php', 89)
 2 SYSTEMPATH\View\View.php(213): include('APPPATH\\Views\\admin\\bantuan.php')
 3 SYSTEMPATH\View\View.php(216): CodeIgniter\View\View->CodeIgniter\View\{closure}()
 4 SYSTEMPATH\Common.php(1177): CodeIgniter\View\View->render('admin/bantuan', [], true)
 5 APPPATH\Controllers\Bantuan.php(48): view('admin/bantuan', [...])
 6 SYSTEMPATH\CodeIgniter.php(934): App\Controllers\Bantuan->index()
 7 SYSTEMPATH\CodeIgniter.php(499): CodeIgniter\CodeIgniter->runController(Object(App\Controllers\Bantuan))
 8 SYSTEMPATH\CodeIgniter.php(368): CodeIgniter\CodeIgniter->handleRequest(null, Object(Config\Cache), false)
 9 FCPATH\index.php(67): CodeIgniter\CodeIgniter->run()
10 SYSTEMPATH\Commands\Server\rewrite.php(47): require_once('FCPATH\\index.php')
INFO - 2023-12-15 05:05:13 --> Session: Class initialized using 'CodeIgniter\Session\Handlers\FileHandler' driver.
CRITICAL - 2023-12-15 05:05:13 --> Undefined array key "nama_tahap"
in APPPATH\Views\admin\bantuan.php on line 91.
 1 APPPATH\Views\admin\bantuan.php(91): CodeIgniter\Debug\Exceptions->errorHandler(2, 'Undefined array key "nama_tahap"', 'APPPATH\\Views\\admin\\bantuan.php', 91)
 2 SYSTEMPATH\View\View.php(213): include('APPPATH\\Views\\admin\\bantuan.php')
 3 SYSTEMPATH\View\View.php(216): CodeIgniter\View\View->CodeIgniter\View\{closure}()
 4 SYSTEMPATH\Common.php(1177): CodeIgniter\View\View->render('admin/bantuan', [], true)
 5 APPPATH\Controllers\Bantuan.php(70): view('admin/bantuan', [...])
 6 SYSTEMPATH\CodeIgniter.php(934): App\Controllers\Bantuan->index()
 7 SYSTEMPATH\CodeIgniter.php(499): CodeIgniter\CodeIgniter->runController(Object(App\Controllers\Bantuan))
 8 SYSTEMPATH\CodeIgniter.php(368): CodeIgniter\CodeIgniter->handleRequest(null, Object(Config\Cache), false)
 9 FCPATH\index.php(67): CodeIgniter\CodeIgniter->run()
10 SYSTEMPATH\Commands\Server\rewrite.php(47): require_once('FCPATH\\index.php')
INFO - 2023-12-15 05:06:04 --> Session: Class initialized using 'CodeIgniter\Session\Handlers\FileHandler' driver.
INFO - 2023-12-15 05:06:46 --> Session: Class initialized using 'CodeIgniter\Session\Handlers\FileHandler' driver.
INFO - 2023-12-15 05:07:05 --> Session: Class initialized using 'CodeIgniter\Session\Handlers\FileHandler' driver.
INFO - 2023-12-15 05:08:26 --> Session: Class initialized using 'CodeIgniter\Session\Handlers\FileHandler' driver.
CRITICAL - 2023-12-15 05:08:30 --> Undefined variable $tahapPip
in APPPATH\Views\admin\bantuan.php on line 90.
 1 APPPATH\Views\admin\bantuan.php(90): CodeIgniter\Debug\Exceptions->errorHandler(2, 'Undefined variable $tahapPip', 'APPPATH\\Views\\admin\\bantuan.php', 90)
 2 SYSTEMPATH\View\View.php(213): include('APPPATH\\Views\\admin\\bantuan.php')
 3 SYSTEMPATH\View\View.php(216): CodeIgniter\View\View->CodeIgniter\View\{closure}()
 4 SYSTEMPATH\Common.php(1177): CodeIgniter\View\View->render('admin/bantuan', [], true)
 5 APPPATH\Controllers\Bantuan.php(310): view('admin/bantuan', [...])
 6 SYSTEMPATH\CodeIgniter.php(934): App\Controllers\Bantuan->filterByYear()
 7 SYSTEMPATH\CodeIgniter.php(499): CodeIgniter\CodeIgniter->runController(Object(App\Controllers\Bantuan))
 8 SYSTEMPATH\CodeIgniter.php(368): CodeIgniter\CodeIgniter->handleRequest(null, Object(Config\Cache), false)
 9 FCPATH\index.php(67): CodeIgniter\CodeIgniter->run()
10 SYSTEMPATH\Commands\Server\rewrite.php(47): require_once('FCPATH\\index.php')
INFO - 2023-12-15 05:08:36 --> Session: Class initialized using 'CodeIgniter\Session\Handlers\FileHandler' driver.
INFO - 2023-12-15 05:09:33 --> Session: Class initialized using 'CodeIgniter\Session\Handlers\FileHandler' driver.
INFO - 2023-12-15 05:16:29 --> Session: Class initialized using 'CodeIgniter\Session\Handlers\FileHandler' driver.
CRITICAL - 2023-12-15 05:16:29 --> Call to undefined method App\Models\PipModel::getSiswaPipByYear
in SYSTEMPATH\Model.php on line 840.
 1 APPPATH\Controllers\Bantuan.php(40): CodeIgniter\Model->__call('getSiswaPipByYear', [...])
 2 SYSTEMPATH\CodeIgniter.php(934): App\Controllers\Bantuan->index()
 3 SYSTEMPATH\CodeIgniter.php(499): CodeIgniter\CodeIgniter->runController(Object(App\Controllers\Bantuan))
 4 SYSTEMPATH\CodeIgniter.php(368): CodeIgniter\CodeIgniter->handleRequest(null, Object(Config\Cache), false)
 5 FCPATH\index.php(67): CodeIgniter\CodeIgniter->run()
 6 SYSTEMPATH\Commands\Server\rewrite.php(47): require_once('FCPATH\\index.php')
CRITICAL - 2023-12-15 05:18:41 --> Call to undefined method App\Models\PipModel::getAllSiswaPip
in SYSTEMPATH\Model.php on line 840.
 1 APPPATH\Controllers\Bantuan.php(36): CodeIgniter\Model->__call('getAllSiswaPip', [])
 2 SYSTEMPATH\CodeIgniter.php(934): App\Controllers\Bantuan->index()
 3 SYSTEMPATH\CodeIgniter.php(499): CodeIgniter\CodeIgniter->runController(Object(App\Controllers\Bantuan))
 4 SYSTEMPATH\CodeIgniter.php(368): CodeIgniter\CodeIgniter->handleRequest(null, Object(Config\Cache), false)
 5 FCPATH\index.php(67): CodeIgniter\CodeIgniter->run()
 6 SYSTEMPATH\Commands\Server\rewrite.php(47): require_once('FCPATH\\index.php')
CRITICAL - 2023-12-15 05:18:45 --> Call to undefined method App\Models\PipModel::getAllSiswaPip
in SYSTEMPATH\Model.php on line 840.
 1 APPPATH\Controllers\Bantuan.php(36): CodeIgniter\Model->__call('getAllSiswaPip', [])
 2 SYSTEMPATH\CodeIgniter.php(934): App\Controllers\Bantuan->index()
 3 SYSTEMPATH\CodeIgniter.php(499): CodeIgniter\CodeIgniter->runController(Object(App\Controllers\Bantuan))
 4 SYSTEMPATH\CodeIgniter.php(368): CodeIgniter\CodeIgniter->handleRequest(null, Object(Config\Cache), false)
 5 FCPATH\index.php(67): CodeIgniter\CodeIgniter->run()
 6 SYSTEMPATH\Commands\Server\rewrite.php(47): require_once('FCPATH\\index.php')
CRITICAL - 2023-12-15 05:19:19 --> Call to undefined method App\Models\PipModel::getUniqueTahaps
in SYSTEMPATH\Model.php on line 840.
 1 APPPATH\Controllers\Bantuan.php(43): CodeIgniter\Model->__call('getUniqueTahaps', [])
 2 SYSTEMPATH\CodeIgniter.php(934): App\Controllers\Bantuan->index()
 3 SYSTEMPATH\CodeIgniter.php(499): CodeIgniter\CodeIgniter->runController(Object(App\Controllers\Bantuan))
 4 SYSTEMPATH\CodeIgniter.php(368): CodeIgniter\CodeIgniter->handleRequest(null, Object(Config\Cache), false)
 5 FCPATH\index.php(67): CodeIgniter\CodeIgniter->run()
 6 SYSTEMPATH\Commands\Server\rewrite.php(47): require_once('FCPATH\\index.php')
CRITICAL - 2023-12-15 05:23:45 --> Cannot redeclare App\Models\PipModel::getUniqueTahaps()
in APPPATH\Models\PipModel.php on line 78.
 1 [internal function]: CodeIgniter\Debug\Exceptions->shutdownHandler()
CRITICAL - 2023-12-15 05:24:31 --> Undefined array key "nama_tahap"
in APPPATH\Views\admin\bantuan.php on line 64.
 1 APPPATH\Views\admin\bantuan.php(64): CodeIgniter\Debug\Exceptions->errorHandler(2, 'Undefined array key "nama_tahap"', 'APPPATH\\Views\\admin\\bantuan.php', 64)
 2 SYSTEMPATH\View\View.php(213): include('APPPATH\\Views\\admin\\bantuan.php')
 3 SYSTEMPATH\View\View.php(216): CodeIgniter\View\View->CodeIgniter\View\{closure}()
 4 SYSTEMPATH\Common.php(1177): CodeIgniter\View\View->render('admin/bantuan', [], true)
 5 APPPATH\Controllers\Bantuan.php(57): view('admin/bantuan', [...])
 6 SYSTEMPATH\CodeIgniter.php(934): App\Controllers\Bantuan->index()
 7 SYSTEMPATH\CodeIgniter.php(499): CodeIgniter\CodeIgniter->runController(Object(App\Controllers\Bantuan))
 8 SYSTEMPATH\CodeIgniter.php(368): CodeIgniter\CodeIgniter->handleRequest(null, Object(Config\Cache), false)
 9 FCPATH\index.php(67): CodeIgniter\CodeIgniter->run()
10 SYSTEMPATH\Commands\Server\rewrite.php(47): require_once('FCPATH\\index.php')
CRITICAL - 2023-12-15 05:24:47 --> Undefined array key "ambildibank"
in APPPATH\Views\admin\bantuan.php on line 76.
 1 APPPATH\Views\admin\bantuan.php(76): CodeIgniter\Debug\Exceptions->errorHandler(2, 'Undefined array key "ambildibank"', 'APPPATH\\Views\\admin\\bantuan.php', 76)
 2 SYSTEMPATH\View\View.php(213): include('APPPATH\\Views\\admin\\bantuan.php')
 3 SYSTEMPATH\View\View.php(216): CodeIgniter\View\View->CodeIgniter\View\{closure}()
 4 SYSTEMPATH\Common.php(1177): CodeIgniter\View\View->render('admin/bantuan', [], true)
 5 APPPATH\Controllers\Bantuan.php(57): view('admin/bantuan', [...])
 6 SYSTEMPATH\CodeIgniter.php(934): App\Controllers\Bantuan->index()
 7 SYSTEMPATH\CodeIgniter.php(499): CodeIgniter\CodeIgniter->runController(Object(App\Controllers\Bantuan))
 8 SYSTEMPATH\CodeIgniter.php(368): CodeIgniter\CodeIgniter->handleRequest(null, Object(Config\Cache), false)
 9 FCPATH\index.php(67): CodeIgniter\CodeIgniter->run()
10 SYSTEMPATH\Commands\Server\rewrite.php(47): require_once('FCPATH\\index.php')
ERROR - 2023-12-15 05:33:00 --> mysqli_sql_exception: Unknown column 'ambildibank' in 'where clause' in C:\xampp\htdocs\pip\system\Database\MySQLi\Connection.php:295
Stack trace:
#0 C:\xampp\htdocs\pip\system\Database\MySQLi\Connection.php(295): mysqli->query('SELECT *\nFROM `...', 0)
#1 C:\xampp\htdocs\pip\system\Database\BaseConnection.php(691): CodeIgniter\Database\MySQLi\Connection->execute('SELECT *\nFROM `...')
#2 C:\xampp\htdocs\pip\system\Database\BaseConnection.php(605): CodeIgniter\Database\BaseConnection->simpleQuery('SELECT *\nFROM `...')
#3 C:\xampp\htdocs\pip\system\Database\BaseBuilder.php(1601): CodeIgniter\Database\BaseConnection->query('SELECT *\nFROM `...', Array, false)
#4 C:\xampp\htdocs\pip\system\Model.php(240): CodeIgniter\Database\BaseBuilder->get()
#5 C:\xampp\htdocs\pip\system\BaseModel.php(618): CodeIgniter\Model->doFindAll(0, 0)
#6 C:\xampp\htdocs\pip\app\Models\PipModel.php(62): CodeIgniter\BaseModel->findAll()
#7 C:\xampp\htdocs\pip\app\Controllers\Bantuan.php(289): App\Models\PipModel->getSiswaPipByYearTahapDana('2023', NULL, 'Sudah diambil')
#8 C:\xampp\htdocs\pip\system\CodeIgniter.php(934): App\Controllers\Bantuan->filterByYearTahapDana()
#9 C:\xampp\htdocs\pip\system\CodeIgniter.php(499): CodeIgniter\CodeIgniter->runController(Object(App\Controllers\Bantuan))
#10 C:\xampp\htdocs\pip\system\CodeIgniter.php(368): CodeIgniter\CodeIgniter->handleRequest(NULL, Object(Config\Cache), false)
#11 C:\xampp\htdocs\pip\public\index.php(67): CodeIgniter\CodeIgniter->run()
#12 C:\xampp\htdocs\pip\system\Commands\Server\rewrite.php(47): require_once('C:\\xampp\\htdocs...')
#13 {main}
CRITICAL - 2023-12-15 05:33:00 --> Unknown column 'ambildibank' in 'where clause'
in SYSTEMPATH\Database\BaseConnection.php on line 645.
 1 SYSTEMPATH\Database\BaseBuilder.php(1601): CodeIgniter\Database\BaseConnection->query('SELECT *
FROM `tbl_pip`
WHERE `deleted_at` IS NULL
AND YEAR(tanggal_sk) = :YEAR(tanggal_sk):
AND `ambildibank` = :ambildibank:
AND `tbl_pip`.`deleted_at` IS NULL', [...], false)
 2 SYSTEMPATH\Model.php(240): CodeIgniter\Database\BaseBuilder->get()
 3 SYSTEMPATH\BaseModel.php(618): CodeIgniter\Model->doFindAll(0, 0)
 4 APPPATH\Models\PipModel.php(62): CodeIgniter\BaseModel->findAll()
 5 APPPATH\Controllers\Bantuan.php(289): App\Models\PipModel->getSiswaPipByYearTahapDana('2023', null, 'Sudah diambil')
 6 SYSTEMPATH\CodeIgniter.php(934): App\Controllers\Bantuan->filterByYearTahapDana()
 7 SYSTEMPATH\CodeIgniter.php(499): CodeIgniter\CodeIgniter->runController(Object(App\Controllers\Bantuan))
 8 SYSTEMPATH\CodeIgniter.php(368): CodeIgniter\CodeIgniter->handleRequest(null, Object(Config\Cache), false)
 9 FCPATH\index.php(67): CodeIgniter\CodeIgniter->run()
10 SYSTEMPATH\Commands\Server\rewrite.php(47): require_once('FCPATH\\index.php')
CRITICAL - 2023-12-15 05:36:56 --> Undefined array key "nama_tahap"
in APPPATH\Views\admin\bantuan.php on line 74.
 1 APPPATH\Views\admin\bantuan.php(74): CodeIgniter\Debug\Exceptions->errorHandler(2, 'Undefined array key "nama_tahap"', 'APPPATH\\Views\\admin\\bantuan.php', 74)
 2 SYSTEMPATH\View\View.php(213): include('APPPATH\\Views\\admin\\bantuan.php')
 3 SYSTEMPATH\View\View.php(216): CodeIgniter\View\View->CodeIgniter\View\{closure}()
 4 SYSTEMPATH\Common.php(1177): CodeIgniter\View\View->render('admin/bantuan', [], true)
 5 APPPATH\Controllers\Bantuan.php(307): view('admin/bantuan', [...])
 6 SYSTEMPATH\CodeIgniter.php(934): App\Controllers\Bantuan->filterByYearTahapDana()
 7 SYSTEMPATH\CodeIgniter.php(499): CodeIgniter\CodeIgniter->runController(Object(App\Controllers\Bantuan))
 8 SYSTEMPATH\CodeIgniter.php(368): CodeIgniter\CodeIgniter->handleRequest(null, Object(Config\Cache), false)
 9 FCPATH\index.php(67): CodeIgniter\CodeIgniter->run()
10 SYSTEMPATH\Commands\Server\rewrite.php(47): require_once('FCPATH\\index.php')
ERROR - 2023-12-15 06:58:47 --> Error connecting to the database: mysqli_sql_exception: No connection could be made because the target machine actively refused it in C:\xampp\htdocs\pip\system\Database\MySQLi\Connection.php:173
Stack trace:
#0 C:\xampp\htdocs\pip\system\Database\MySQLi\Connection.php(173): mysqli->real_connect('localhost', 'root', Object(SensitiveParameterValue), 'kdrj_bantuanpd', 3306, '', 0)
#1 C:\xampp\htdocs\pip\system\Database\BaseConnection.php(391): CodeIgniter\Database\MySQLi\Connection->connect(false)
#2 C:\xampp\htdocs\pip\system\Database\BaseConnection.php(573): CodeIgniter\Database\BaseConnection->initialize()
#3 C:\xampp\htdocs\pip\system\Database\BaseBuilder.php(1601): CodeIgniter\Database\BaseConnection->query('SELECT *\nFROM `...', Array, false)
#4 C:\xampp\htdocs\pip\system\Model.php(240): CodeIgniter\Database\BaseBuilder->get()
#5 C:\xampp\htdocs\pip\system\BaseModel.php(618): CodeIgniter\Model->doFindAll(0, 0)
#6 C:\xampp\htdocs\pip\app\Models\PipModel.php(70): CodeIgniter\BaseModel->findAll()
#7 C:\xampp\htdocs\pip\app\Controllers\Bantuan.php(36): App\Models\PipModel->getAllSiswaPip()
#8 C:\xampp\htdocs\pip\system\CodeIgniter.php(934): App\Controllers\Bantuan->index()
#9 C:\xampp\htdocs\pip\system\CodeIgniter.php(499): CodeIgniter\CodeIgniter->runController(Object(App\Controllers\Bantuan))
#10 C:\xampp\htdocs\pip\system\CodeIgniter.php(368): CodeIgniter\CodeIgniter->handleRequest(NULL, Object(Config\Cache), false)
#11 C:\xampp\htdocs\pip\public\index.php(67): CodeIgniter\CodeIgniter->run()
#12 C:\xampp\htdocs\pip\system\Commands\Server\rewrite.php(47): require_once('C:\\xampp\\htdocs...')
#13 {main}

Next CodeIgniter\Database\Exceptions\DatabaseException: No connection could be made because the target machine actively refused it in C:\xampp\htdocs\pip\system\Database\MySQLi\Connection.php:218
Stack trace:
#0 C:\xampp\htdocs\pip\system\Database\BaseConnection.php(391): CodeIgniter\Database\MySQLi\Connection->connect(false)
#1 C:\xampp\htdocs\pip\system\Database\BaseConnection.php(573): CodeIgniter\Database\BaseConnection->initialize()
#2 C:\xampp\htdocs\pip\system\Database\BaseBuilder.php(1601): CodeIgniter\Database\BaseConnection->query('SELECT *\nFROM `...', Array, false)
#3 C:\xampp\htdocs\pip\system\Model.php(240): CodeIgniter\Database\BaseBuilder->get()
#4 C:\xampp\htdocs\pip\system\BaseModel.php(618): CodeIgniter\Model->doFindAll(0, 0)
#5 C:\xampp\htdocs\pip\app\Models\PipModel.php(70): CodeIgniter\BaseModel->findAll()
#6 C:\xampp\htdocs\pip\app\Controllers\Bantuan.php(36): App\Models\PipModel->getAllSiswaPip()
#7 C:\xampp\htdocs\pip\system\CodeIgniter.php(934): App\Controllers\Bantuan->index()
#8 C:\xampp\htdocs\pip\system\CodeIgniter.php(499): CodeIgniter\CodeIgniter->runController(Object(App\Controllers\Bantuan))
#9 C:\xampp\htdocs\pip\system\CodeIgniter.php(368): CodeIgniter\CodeIgniter->handleRequest(NULL, Object(Config\Cache), false)
#10 C:\xampp\htdocs\pip\public\index.php(67): CodeIgniter\CodeIgniter->run()
#11 C:\xampp\htdocs\pip\system\Commands\Server\rewrite.php(47): require_once('C:\\xampp\\htdocs...')
#12 {main}
CRITICAL - 2023-12-15 06:58:47 --> Unable to connect to the database.
Main connection [MySQLi]: No connection could be made because the target machine actively refused it
in SYSTEMPATH\Database\BaseConnection.php on line 427.
 1 SYSTEMPATH\Database\BaseConnection.php(573): CodeIgniter\Database\BaseConnection->initialize()
 2 SYSTEMPATH\Database\BaseBuilder.php(1601): CodeIgniter\Database\BaseConnection->query('SELECT *
FROM `tbl_pip`
WHERE `deleted_at` IS NULL
AND `tbl_pip`.`deleted_at` IS NULL', [], false)
 3 SYSTEMPATH\Model.php(240): CodeIgniter\Database\BaseBuilder->get()
 4 SYSTEMPATH\BaseModel.php(618): CodeIgniter\Model->doFindAll(0, 0)
 5 APPPATH\Models\PipModel.php(70): CodeIgniter\BaseModel->findAll()
 6 APPPATH\Controllers\Bantuan.php(36): App\Models\PipModel->getAllSiswaPip()
 7 SYSTEMPATH\CodeIgniter.php(934): App\Controllers\Bantuan->index()
 8 SYSTEMPATH\CodeIgniter.php(499): CodeIgniter\CodeIgniter->runController(Object(App\Controllers\Bantuan))
 9 SYSTEMPATH\CodeIgniter.php(368): CodeIgniter\CodeIgniter->handleRequest(null, Object(Config\Cache), false)
10 FCPATH\index.php(67): CodeIgniter\CodeIgniter->run()
11 SYSTEMPATH\Commands\Server\rewrite.php(47): require_once('FCPATH\\index.php')
ERROR - 2023-12-15 07:21:35 --> Error connecting to the database: mysqli_sql_exception: No connection could be made because the target machine actively refused it in C:\xampp\htdocs\pip\system\Database\MySQLi\Connection.php:173
Stack trace:
#0 C:\xampp\htdocs\pip\system\Database\MySQLi\Connection.php(173): mysqli->real_connect('localhost', 'root', Object(SensitiveParameterValue), 'kdrj_bantuanpd', 3306, '', 0)
#1 C:\xampp\htdocs\pip\system\Database\BaseConnection.php(391): CodeIgniter\Database\MySQLi\Connection->connect(false)
#2 C:\xampp\htdocs\pip\system\Database\BaseConnection.php(573): CodeIgniter\Database\BaseConnection->initialize()
#3 C:\xampp\htdocs\pip\system\Database\BaseBuilder.php(1601): CodeIgniter\Database\BaseConnection->query('SELECT DISTINCT...', Array, false)
#4 C:\xampp\htdocs\pip\system\Model.php(240): CodeIgniter\Database\BaseBuilder->get()
#5 C:\xampp\htdocs\pip\system\BaseModel.php(618): CodeIgniter\Model->doFindAll(0, 0)
#6 C:\xampp\htdocs\pip\app\Models\PipModel.php(82): CodeIgniter\BaseModel->findAll()
#7 C:\xampp\htdocs\pip\app\Controllers\Bantuan.php(321): App\Models\PipModel->getUniqueTahapsByYear('2021')
#8 C:\xampp\htdocs\pip\system\CodeIgniter.php(934): App\Controllers\Bantuan->getTahapsByYear('2021')
#9 C:\xampp\htdocs\pip\system\CodeIgniter.php(499): CodeIgniter\CodeIgniter->runController(Object(App\Controllers\Bantuan))
#10 C:\xampp\htdocs\pip\system\CodeIgniter.php(368): CodeIgniter\CodeIgniter->handleRequest(NULL, Object(Config\Cache), false)
#11 C:\xampp\htdocs\pip\public\index.php(67): CodeIgniter\CodeIgniter->run()
#12 C:\xampp\htdocs\pip\system\Commands\Server\rewrite.php(47): require_once('C:\\xampp\\htdocs...')
#13 {main}

Next CodeIgniter\Database\Exceptions\DatabaseException: No connection could be made because the target machine actively refused it in C:\xampp\htdocs\pip\system\Database\MySQLi\Connection.php:218
Stack trace:
#0 C:\xampp\htdocs\pip\system\Database\BaseConnection.php(391): CodeIgniter\Database\MySQLi\Connection->connect(false)
#1 C:\xampp\htdocs\pip\system\Database\BaseConnection.php(573): CodeIgniter\Database\BaseConnection->initialize()
#2 C:\xampp\htdocs\pip\system\Database\BaseBuilder.php(1601): CodeIgniter\Database\BaseConnection->query('SELECT DISTINCT...', Array, false)
#3 C:\xampp\htdocs\pip\system\Model.php(240): CodeIgniter\Database\BaseBuilder->get()
#4 C:\xampp\htdocs\pip\system\BaseModel.php(618): CodeIgniter\Model->doFindAll(0, 0)
#5 C:\xampp\htdocs\pip\app\Models\PipModel.php(82): CodeIgniter\BaseModel->findAll()
#6 C:\xampp\htdocs\pip\app\Controllers\Bantuan.php(321): App\Models\PipModel->getUniqueTahapsByYear('2021')
#7 C:\xampp\htdocs\pip\system\CodeIgniter.php(934): App\Controllers\Bantuan->getTahapsByYear('2021')
#8 C:\xampp\htdocs\pip\system\CodeIgniter.php(499): CodeIgniter\CodeIgniter->runController(Object(App\Controllers\Bantuan))
#9 C:\xampp\htdocs\pip\system\CodeIgniter.php(368): CodeIgniter\CodeIgniter->handleRequest(NULL, Object(Config\Cache), false)
#10 C:\xampp\htdocs\pip\public\index.php(67): CodeIgniter\CodeIgniter->run()
#11 C:\xampp\htdocs\pip\system\Commands\Server\rewrite.php(47): require_once('C:\\xampp\\htdocs...')
#12 {main}
CRITICAL - 2023-12-15 07:21:35 --> Unable to connect to the database.
Main connection [MySQLi]: No connection could be made because the target machine actively refused it
in SYSTEMPATH\Database\BaseConnection.php on line 427.
 1 SYSTEMPATH\Database\BaseConnection.php(573): CodeIgniter\Database\BaseConnection->initialize()
 2 SYSTEMPATH\Database\BaseBuilder.php(1601): CodeIgniter\Database\BaseConnection->query('SELECT DISTINCT `tahap_id`
FROM `tbl_pip`
WHERE `deleted_at` IS NULL
AND YEAR(tanggal_sk) = :YEAR(tanggal_sk):
AND `tbl_pip`.`deleted_at` IS NULL', [...], false)
 3 SYSTEMPATH\Model.php(240): CodeIgniter\Database\BaseBuilder->get()
 4 SYSTEMPATH\BaseModel.php(618): CodeIgniter\Model->doFindAll(0, 0)
 5 APPPATH\Models\PipModel.php(82): CodeIgniter\BaseModel->findAll()
 6 APPPATH\Controllers\Bantuan.php(321): App\Models\PipModel->getUniqueTahapsByYear('2021')
 7 SYSTEMPATH\CodeIgniter.php(934): App\Controllers\Bantuan->getTahapsByYear('2021')
 8 SYSTEMPATH\CodeIgniter.php(499): CodeIgniter\CodeIgniter->runController(Object(App\Controllers\Bantuan))
 9 SYSTEMPATH\CodeIgniter.php(368): CodeIgniter\CodeIgniter->handleRequest(null, Object(Config\Cache), false)
10 FCPATH\index.php(67): CodeIgniter\CodeIgniter->run()
11 SYSTEMPATH\Commands\Server\rewrite.php(47): require_once('FCPATH\\index.php')
ERROR - 2023-12-15 07:21:40 --> Error connecting to the database: mysqli_sql_exception: No connection could be made because the target machine actively refused it in C:\xampp\htdocs\pip\system\Database\MySQLi\Connection.php:173
Stack trace:
#0 C:\xampp\htdocs\pip\system\Database\MySQLi\Connection.php(173): mysqli->real_connect('localhost', 'root', Object(SensitiveParameterValue), 'kdrj_bantuanpd', 3306, '', 0)
#1 C:\xampp\htdocs\pip\system\Database\BaseConnection.php(391): CodeIgniter\Database\MySQLi\Connection->connect(false)
#2 C:\xampp\htdocs\pip\system\Database\BaseConnection.php(573): CodeIgniter\Database\BaseConnection->initialize()
#3 C:\xampp\htdocs\pip\system\Database\BaseBuilder.php(1601): CodeIgniter\Database\BaseConnection->query('SELECT *\nFROM `...', Array, false)
#4 C:\xampp\htdocs\pip\system\Model.php(240): CodeIgniter\Database\BaseBuilder->get()
#5 C:\xampp\htdocs\pip\system\BaseModel.php(618): CodeIgniter\Model->doFindAll(0, 0)
#6 C:\xampp\htdocs\pip\app\Models\PipModel.php(70): CodeIgniter\BaseModel->findAll()
#7 C:\xampp\htdocs\pip\app\Controllers\Bantuan.php(36): App\Models\PipModel->getAllSiswaPip()
#8 C:\xampp\htdocs\pip\system\CodeIgniter.php(934): App\Controllers\Bantuan->index()
#9 C:\xampp\htdocs\pip\system\CodeIgniter.php(499): CodeIgniter\CodeIgniter->runController(Object(App\Controllers\Bantuan))
#10 C:\xampp\htdocs\pip\system\CodeIgniter.php(368): CodeIgniter\CodeIgniter->handleRequest(NULL, Object(Config\Cache), false)
#11 C:\xampp\htdocs\pip\public\index.php(67): CodeIgniter\CodeIgniter->run()
#12 C:\xampp\htdocs\pip\system\Commands\Server\rewrite.php(47): require_once('C:\\xampp\\htdocs...')
#13 {main}

Next CodeIgniter\Database\Exceptions\DatabaseException: No connection could be made because the target machine actively refused it in C:\xampp\htdocs\pip\system\Database\MySQLi\Connection.php:218
Stack trace:
#0 C:\xampp\htdocs\pip\system\Database\BaseConnection.php(391): CodeIgniter\Database\MySQLi\Connection->connect(false)
#1 C:\xampp\htdocs\pip\system\Database\BaseConnection.php(573): CodeIgniter\Database\BaseConnection->initialize()
#2 C:\xampp\htdocs\pip\system\Database\BaseBuilder.php(1601): CodeIgniter\Database\BaseConnection->query('SELECT *\nFROM `...', Array, false)
#3 C:\xampp\htdocs\pip\system\Model.php(240): CodeIgniter\Database\BaseBuilder->get()
#4 C:\xampp\htdocs\pip\system\BaseModel.php(618): CodeIgniter\Model->doFindAll(0, 0)
#5 C:\xampp\htdocs\pip\app\Models\PipModel.php(70): CodeIgniter\BaseModel->findAll()
#6 C:\xampp\htdocs\pip\app\Controllers\Bantuan.php(36): App\Models\PipModel->getAllSiswaPip()
#7 C:\xampp\htdocs\pip\system\CodeIgniter.php(934): App\Controllers\Bantuan->index()
#8 C:\xampp\htdocs\pip\system\CodeIgniter.php(499): CodeIgniter\CodeIgniter->runController(Object(App\Controllers\Bantuan))
#9 C:\xampp\htdocs\pip\system\CodeIgniter.php(368): CodeIgniter\CodeIgniter->handleRequest(NULL, Object(Config\Cache), false)
#10 C:\xampp\htdocs\pip\public\index.php(67): CodeIgniter\CodeIgniter->run()
#11 C:\xampp\htdocs\pip\system\Commands\Server\rewrite.php(47): require_once('C:\\xampp\\htdocs...')
#12 {main}
CRITICAL - 2023-12-15 07:21:40 --> Unable to connect to the database.
Main connection [MySQLi]: No connection could be made because the target machine actively refused it
in SYSTEMPATH\Database\BaseConnection.php on line 427.
 1 SYSTEMPATH\Database\BaseConnection.php(573): CodeIgniter\Database\BaseConnection->initialize()
 2 SYSTEMPATH\Database\BaseBuilder.php(1601): CodeIgniter\Database\BaseConnection->query('SELECT *
FROM `tbl_pip`
WHERE `deleted_at` IS NULL
AND `tbl_pip`.`deleted_at` IS NULL', [], false)
 3 SYSTEMPATH\Model.php(240): CodeIgniter\Database\BaseBuilder->get()
 4 SYSTEMPATH\BaseModel.php(618): CodeIgniter\Model->doFindAll(0, 0)
 5 APPPATH\Models\PipModel.php(70): CodeIgniter\BaseModel->findAll()
 6 APPPATH\Controllers\Bantuan.php(36): App\Models\PipModel->getAllSiswaPip()
 7 SYSTEMPATH\CodeIgniter.php(934): App\Controllers\Bantuan->index()
 8 SYSTEMPATH\CodeIgniter.php(499): CodeIgniter\CodeIgniter->runController(Object(App\Controllers\Bantuan))
 9 SYSTEMPATH\CodeIgniter.php(368): CodeIgniter\CodeIgniter->handleRequest(null, Object(Config\Cache), false)
10 FCPATH\index.php(67): CodeIgniter\CodeIgniter->run()
11 SYSTEMPATH\Commands\Server\rewrite.php(47): require_once('FCPATH\\index.php')
CRITICAL - 2023-12-15 07:54:56 --> Undefined variable $data_notula
in APPPATH\Views\admin\print_suket\suket.php on line 32.
 1 APPPATH\Views\admin\print_suket\suket.php(32): CodeIgniter\Debug\Exceptions->errorHandler(2, 'Undefined variable $data_notula', 'APPPATH\\Views\\admin\\print_suket\\suket.php', 32)
 2 SYSTEMPATH\View\View.php(213): include('APPPATH\\Views\\admin\\print_suket\\suket.php')
 3 SYSTEMPATH\View\View.php(216): CodeIgniter\View\View->CodeIgniter\View\{closure}()
 4 SYSTEMPATH\Common.php(1177): CodeIgniter\View\View->render('admin/print_suket/suket', [], true)
 5 APPPATH\Controllers\Bantuan.php(246): view('admin/print_suket/suket', [...])
 6 SYSTEMPATH\CodeIgniter.php(934): App\Controllers\Bantuan->cetaksuketpip('19')
 7 SYSTEMPATH\CodeIgniter.php(499): CodeIgniter\CodeIgniter->runController(Object(App\Controllers\Bantuan))
 8 SYSTEMPATH\CodeIgniter.php(368): CodeIgniter\CodeIgniter->handleRequest(null, Object(Config\Cache), false)
 9 FCPATH\index.php(67): CodeIgniter\CodeIgniter->run()
10 SYSTEMPATH\Commands\Server\rewrite.php(47): require_once('FCPATH\\index.php')
CRITICAL - 2023-12-15 07:59:48 --> Array to string conversion
in APPPATH\Views\admin\print_suket\suket.php on line 32.
 1 APPPATH\Views\admin\print_suket\suket.php(32): CodeIgniter\Debug\Exceptions->errorHandler(2, 'Array to string conversion', 'APPPATH\\Views\\admin\\print_suket\\suket.php', 32)
 2 SYSTEMPATH\View\View.php(213): include('APPPATH\\Views\\admin\\print_suket\\suket.php')
 3 SYSTEMPATH\View\View.php(216): CodeIgniter\View\View->CodeIgniter\View\{closure}()
 4 SYSTEMPATH\Common.php(1177): CodeIgniter\View\View->render('admin/print_suket/suket', [], true)
 5 APPPATH\Controllers\Bantuan.php(246): view('admin/print_suket/suket', [...])
 6 SYSTEMPATH\CodeIgniter.php(934): App\Controllers\Bantuan->cetaksuketpip('19')
 7 SYSTEMPATH\CodeIgniter.php(499): CodeIgniter\CodeIgniter->runController(Object(App\Controllers\Bantuan))
 8 SYSTEMPATH\CodeIgniter.php(368): CodeIgniter\CodeIgniter->handleRequest(null, Object(Config\Cache), false)
 9 FCPATH\index.php(67): CodeIgniter\CodeIgniter->run()
10 SYSTEMPATH\Commands\Server\rewrite.php(47): require_once('FCPATH\\index.php')
CRITICAL - 2023-12-15 09:20:58 --> Undefined variable $data_undangan
in APPPATH\Views\admin\print_suket\suket.php on line 43.
 1 APPPATH\Views\admin\print_suket\suket.php(43): CodeIgniter\Debug\Exceptions->errorHandler(2, 'Undefined variable $data_undangan', 'APPPATH\\Views\\admin\\print_suket\\suket.php', 43)
 2 SYSTEMPATH\View\View.php(213): include('APPPATH\\Views\\admin\\print_suket\\suket.php')
 3 SYSTEMPATH\View\View.php(216): CodeIgniter\View\View->CodeIgniter\View\{closure}()
 4 SYSTEMPATH\Common.php(1177): CodeIgniter\View\View->render('admin/print_suket/suket', [], true)
 5 APPPATH\Controllers\Bantuan.php(246): view('admin/print_suket/suket', [...])
 6 SYSTEMPATH\CodeIgniter.php(934): App\Controllers\Bantuan->cetaksuketpip('19')
 7 SYSTEMPATH\CodeIgniter.php(499): CodeIgniter\CodeIgniter->runController(Object(App\Controllers\Bantuan))
 8 SYSTEMPATH\CodeIgniter.php(368): CodeIgniter\CodeIgniter->handleRequest(null, Object(Config\Cache), false)
 9 FCPATH\index.php(67): CodeIgniter\CodeIgniter->run()
10 SYSTEMPATH\Commands\Server\rewrite.php(47): require_once('FCPATH\\index.php')
CRITICAL - 2023-12-15 10:12:57 --> Undefined variable $data_cetak
in APPPATH\Views\admin\print_suket\suket.php on line 80.
 1 APPPATH\Views\admin\print_suket\suket.php(80): CodeIgniter\Debug\Exceptions->errorHandler(2, 'Undefined variable $data_cetak', 'APPPATH\\Views\\admin\\print_suket\\suket.php', 80)
 2 SYSTEMPATH\View\View.php(213): include('APPPATH\\Views\\admin\\print_suket\\suket.php')
 3 SYSTEMPATH\View\View.php(216): CodeIgniter\View\View->CodeIgniter\View\{closure}()
 4 SYSTEMPATH\Common.php(1177): CodeIgniter\View\View->render('admin/print_suket/suket', [], true)
 5 APPPATH\Controllers\Bantuan.php(246): view('admin/print_suket/suket', [...])
 6 SYSTEMPATH\CodeIgniter.php(934): App\Controllers\Bantuan->cetaksuketpip('19')
 7 SYSTEMPATH\CodeIgniter.php(499): CodeIgniter\CodeIgniter->runController(Object(App\Controllers\Bantuan))
 8 SYSTEMPATH\CodeIgniter.php(368): CodeIgniter\CodeIgniter->handleRequest(null, Object(Config\Cache), false)
 9 FCPATH\index.php(67): CodeIgniter\CodeIgniter->run()
10 SYSTEMPATH\Commands\Server\rewrite.php(47): require_once('FCPATH\\index.php')
CRITICAL - 2023-12-15 11:10:46 --> syntax error, unexpected token "<"
in APPPATH\Views\admin\print_suket\suket.php on line 53.
 1 SYSTEMPATH\View\View.php(216): CodeIgniter\View\View->CodeIgniter\View\{closure}()
 2 SYSTEMPATH\Common.php(1177): CodeIgniter\View\View->render('admin/print_suket/suket', [], true)
 3 APPPATH\Controllers\Bantuan.php(246): view('admin/print_suket/suket', [...])
 4 SYSTEMPATH\CodeIgniter.php(934): App\Controllers\Bantuan->cetaksuketpip('19')
 5 SYSTEMPATH\CodeIgniter.php(499): CodeIgniter\CodeIgniter->runController(Object(App\Controllers\Bantuan))
 6 SYSTEMPATH\CodeIgniter.php(368): CodeIgniter\CodeIgniter->handleRequest(null, Object(Config\Cache), false)
 7 FCPATH\index.php(67): CodeIgniter\CodeIgniter->run()
 8 SYSTEMPATH\Commands\Server\rewrite.php(47): require_once('FCPATH\\index.php')
ERROR - 2023-12-15 15:00:59 --> mysqli_sql_exception: Unknown column 'No' in 'field list' in C:\xampp\htdocs\pip\system\Database\MySQLi\Connection.php:295
Stack trace:
#0 C:\xampp\htdocs\pip\system\Database\MySQLi\Connection.php(295): mysqli->query('SELECT `No`, `J...', 0)
#1 C:\xampp\htdocs\pip\system\Database\BaseConnection.php(691): CodeIgniter\Database\MySQLi\Connection->execute('SELECT `No`, `J...')
#2 C:\xampp\htdocs\pip\system\Database\BaseConnection.php(605): CodeIgniter\Database\BaseConnection->simpleQuery('SELECT `No`, `J...')
#3 C:\xampp\htdocs\pip\system\Database\BaseBuilder.php(1601): CodeIgniter\Database\BaseConnection->query('SELECT `No`, `J...', Array, false)
#4 C:\xampp\htdocs\pip\system\Model.php(240): CodeIgniter\Database\BaseBuilder->get()
#5 C:\xampp\htdocs\pip\system\BaseModel.php(618): CodeIgniter\Model->doFindAll(0, 0)
#6 C:\xampp\htdocs\pip\app\Models\CariModel.php(16): CodeIgniter\BaseModel->findAll()
#7 C:\xampp\htdocs\pip\app\Controllers\Dashboard.php(30): App\Models\CariModel->searchByNameAndNISN(NULL, '')
#8 C:\xampp\htdocs\pip\system\CodeIgniter.php(934): App\Controllers\Dashboard->search()
#9 C:\xampp\htdocs\pip\system\CodeIgniter.php(499): CodeIgniter\CodeIgniter->runController(Object(App\Controllers\Dashboard))
#10 C:\xampp\htdocs\pip\system\CodeIgniter.php(368): CodeIgniter\CodeIgniter->handleRequest(NULL, Object(Config\Cache), false)
#11 C:\xampp\htdocs\pip\public\index.php(67): CodeIgniter\CodeIgniter->run()
#12 C:\xampp\htdocs\pip\system\Commands\Server\rewrite.php(47): require_once('C:\\xampp\\htdocs...')
#13 {main}
CRITICAL - 2023-12-15 15:00:59 --> Unknown column 'No' in 'field list'
in SYSTEMPATH\Database\BaseConnection.php on line 645.
 1 SYSTEMPATH\Database\BaseBuilder.php(1601): CodeIgniter\Database\BaseConnection->query('SELECT `No`, `Jenis_Bantuan`, `Tanggal_SK`
FROM `tbl_pip`, `tbl_bantuanlainnya`
WHERE `nama` IS NULL
OR `nisn` = :nisn:', [...], false)
 2 SYSTEMPATH\Model.php(240): CodeIgniter\Database\BaseBuilder->get()
 3 SYSTEMPATH\BaseModel.php(618): CodeIgniter\Model->doFindAll(0, 0)
 4 APPPATH\Models\CariModel.php(16): CodeIgniter\BaseModel->findAll()
 5 APPPATH\Controllers\Dashboard.php(30): App\Models\CariModel->searchByNameAndNISN(null, 'ROOTPATH\\public')
 6 SYSTEMPATH\CodeIgniter.php(934): App\Controllers\Dashboard->search()
 7 SYSTEMPATH\CodeIgniter.php(499): CodeIgniter\CodeIgniter->runController(Object(App\Controllers\Dashboard))
 8 SYSTEMPATH\CodeIgniter.php(368): CodeIgniter\CodeIgniter->handleRequest(null, Object(Config\Cache), false)
 9 FCPATH\index.php(67): CodeIgniter\CodeIgniter->run()
10 SYSTEMPATH\Commands\Server\rewrite.php(47): require_once('FCPATH\\index.php')
ERROR - 2023-12-15 15:01:37 --> mysqli_sql_exception: Unknown column 'No' in 'field list' in C:\xampp\htdocs\pip\system\Database\MySQLi\Connection.php:295
Stack trace:
#0 C:\xampp\htdocs\pip\system\Database\MySQLi\Connection.php(295): mysqli->query('SELECT `No`, `J...', 0)
#1 C:\xampp\htdocs\pip\system\Database\BaseConnection.php(691): CodeIgniter\Database\MySQLi\Connection->execute('SELECT `No`, `J...')
#2 C:\xampp\htdocs\pip\system\Database\BaseConnection.php(605): CodeIgniter\Database\BaseConnection->simpleQuery('SELECT `No`, `J...')
#3 C:\xampp\htdocs\pip\system\Database\BaseBuilder.php(1601): CodeIgniter\Database\BaseConnection->query('SELECT `No`, `J...', Array, false)
#4 C:\xampp\htdocs\pip\system\Model.php(240): CodeIgniter\Database\BaseBuilder->get()
#5 C:\xampp\htdocs\pip\system\BaseModel.php(618): CodeIgniter\Model->doFindAll(0, 0)
#6 C:\xampp\htdocs\pip\app\Models\CariModel.php(16): CodeIgniter\BaseModel->findAll()
#7 C:\xampp\htdocs\pip\app\Controllers\Dashboard.php(30): App\Models\CariModel->searchByNameAndNISN(NULL, 'qsasas')
#8 C:\xampp\htdocs\pip\system\CodeIgniter.php(934): App\Controllers\Dashboard->search()
#9 C:\xampp\htdocs\pip\system\CodeIgniter.php(499): CodeIgniter\CodeIgniter->runController(Object(App\Controllers\Dashboard))
#10 C:\xampp\htdocs\pip\system\CodeIgniter.php(368): CodeIgniter\CodeIgniter->handleRequest(NULL, Object(Config\Cache), false)
#11 C:\xampp\htdocs\pip\public\index.php(67): CodeIgniter\CodeIgniter->run()
#12 C:\xampp\htdocs\pip\system\Commands\Server\rewrite.php(47): require_once('C:\\xampp\\htdocs...')
#13 {main}
CRITICAL - 2023-12-15 15:01:37 --> Unknown column 'No' in 'field list'
in SYSTEMPATH\Database\BaseConnection.php on line 645.
 1 SYSTEMPATH\Database\BaseBuilder.php(1601): CodeIgniter\Database\BaseConnection->query('SELECT `No`, `Jenis_Bantuan`, `Tanggal_SK`
FROM `tbl_pip`, `tbl_bantuanlainnya`
WHERE `nama` IS NULL
OR `nisn` = :nisn:', [...], false)
 2 SYSTEMPATH\Model.php(240): CodeIgniter\Database\BaseBuilder->get()
 3 SYSTEMPATH\BaseModel.php(618): CodeIgniter\Model->doFindAll(0, 0)
 4 APPPATH\Models\CariModel.php(16): CodeIgniter\BaseModel->findAll()
 5 APPPATH\Controllers\Dashboard.php(30): App\Models\CariModel->searchByNameAndNISN(null, 'qsasas')
 6 SYSTEMPATH\CodeIgniter.php(934): App\Controllers\Dashboard->search()
 7 SYSTEMPATH\CodeIgniter.php(499): CodeIgniter\CodeIgniter->runController(Object(App\Controllers\Dashboard))
 8 SYSTEMPATH\CodeIgniter.php(368): CodeIgniter\CodeIgniter->handleRequest(null, Object(Config\Cache), false)
 9 FCPATH\index.php(67): CodeIgniter\CodeIgniter->run()
10 SYSTEMPATH\Commands\Server\rewrite.php(47): require_once('FCPATH\\index.php')
ERROR - 2023-12-15 15:03:29 --> mysqli_sql_exception: Column 'nama_pd' in field list is ambiguous in C:\xampp\htdocs\pip\system\Database\MySQLi\Connection.php:295
Stack trace:
#0 C:\xampp\htdocs\pip\system\Database\MySQLi\Connection.php(295): mysqli->query('SELECT `nama_pd...', 0)
#1 C:\xampp\htdocs\pip\system\Database\BaseConnection.php(691): CodeIgniter\Database\MySQLi\Connection->execute('SELECT `nama_pd...')
#2 C:\xampp\htdocs\pip\system\Database\BaseConnection.php(605): CodeIgniter\Database\BaseConnection->simpleQuery('SELECT `nama_pd...')
#3 C:\xampp\htdocs\pip\system\Database\BaseBuilder.php(1601): CodeIgniter\Database\BaseConnection->query('SELECT `nama_pd...', Array, false)
#4 C:\xampp\htdocs\pip\system\Model.php(240): CodeIgniter\Database\BaseBuilder->get()
#5 C:\xampp\htdocs\pip\system\BaseModel.php(618): CodeIgniter\Model->doFindAll(0, 0)
#6 C:\xampp\htdocs\pip\app\Models\CariModel.php(16): CodeIgniter\BaseModel->findAll()
#7 C:\xampp\htdocs\pip\app\Controllers\Dashboard.php(30): App\Models\CariModel->searchByNameAndNISN(NULL, 'qsasas')
#8 C:\xampp\htdocs\pip\system\CodeIgniter.php(934): App\Controllers\Dashboard->search()
#9 C:\xampp\htdocs\pip\system\CodeIgniter.php(499): CodeIgniter\CodeIgniter->runController(Object(App\Controllers\Dashboard))
#10 C:\xampp\htdocs\pip\system\CodeIgniter.php(368): CodeIgniter\CodeIgniter->handleRequest(NULL, Object(Config\Cache), false)
#11 C:\xampp\htdocs\pip\public\index.php(67): CodeIgniter\CodeIgniter->run()
#12 C:\xampp\htdocs\pip\system\Commands\Server\rewrite.php(47): require_once('C:\\xampp\\htdocs...')
#13 {main}
CRITICAL - 2023-12-15 15:03:29 --> Column 'nama_pd' in field list is ambiguous
in SYSTEMPATH\Database\BaseConnection.php on line 645.
 1 SYSTEMPATH\Database\BaseBuilder.php(1601): CodeIgniter\Database\BaseConnection->query('SELECT `nama_pd`, `nisn`, `tanggal_sk`, `jenis_bantuan`, `tahap_id`
FROM `tbl_pip`, `tbl_bantuanlainnya`
WHERE `nama_pd` IS NULL
OR `nisn` = :nisn:', [...], false)
 2 SYSTEMPATH\Model.php(240): CodeIgniter\Database\BaseBuilder->get()
 3 SYSTEMPATH\BaseModel.php(618): CodeIgniter\Model->doFindAll(0, 0)
 4 APPPATH\Models\CariModel.php(16): CodeIgniter\BaseModel->findAll()
 5 APPPATH\Controllers\Dashboard.php(30): App\Models\CariModel->searchByNameAndNISN(null, 'qsasas')
 6 SYSTEMPATH\CodeIgniter.php(934): App\Controllers\Dashboard->search()
 7 SYSTEMPATH\CodeIgniter.php(499): CodeIgniter\CodeIgniter->runController(Object(App\Controllers\Dashboard))
 8 SYSTEMPATH\CodeIgniter.php(368): CodeIgniter\CodeIgniter->handleRequest(null, Object(Config\Cache), false)
 9 FCPATH\index.php(67): CodeIgniter\CodeIgniter->run()
10 SYSTEMPATH\Commands\Server\rewrite.php(47): require_once('FCPATH\\index.php')
ERROR - 2023-12-15 15:04:42 --> mysqli_sql_exception: Column 'tanggal_sk' in field list is ambiguous in C:\xampp\htdocs\pip\system\Database\MySQLi\Connection.php:295
Stack trace:
#0 C:\xampp\htdocs\pip\system\Database\MySQLi\Connection.php(295): mysqli->query('SELECT `tanggal...', 0)
#1 C:\xampp\htdocs\pip\system\Database\BaseConnection.php(691): CodeIgniter\Database\MySQLi\Connection->execute('SELECT `tanggal...')
#2 C:\xampp\htdocs\pip\system\Database\BaseConnection.php(605): CodeIgniter\Database\BaseConnection->simpleQuery('SELECT `tanggal...')
#3 C:\xampp\htdocs\pip\system\Database\BaseBuilder.php(1601): CodeIgniter\Database\BaseConnection->query('SELECT `tanggal...', Array, false)
#4 C:\xampp\htdocs\pip\system\Model.php(240): CodeIgniter\Database\BaseBuilder->get()
#5 C:\xampp\htdocs\pip\system\BaseModel.php(618): CodeIgniter\Model->doFindAll(0, 0)
#6 C:\xampp\htdocs\pip\app\Models\CariModel.php(16): CodeIgniter\BaseModel->findAll()
#7 C:\xampp\htdocs\pip\app\Controllers\Dashboard.php(30): App\Models\CariModel->searchByNameAndNISN(NULL, 'qsasas')
#8 C:\xampp\htdocs\pip\system\CodeIgniter.php(934): App\Controllers\Dashboard->search()
#9 C:\xampp\htdocs\pip\system\CodeIgniter.php(499): CodeIgniter\CodeIgniter->runController(Object(App\Controllers\Dashboard))
#10 C:\xampp\htdocs\pip\system\CodeIgniter.php(368): CodeIgniter\CodeIgniter->handleRequest(NULL, Object(Config\Cache), false)
#11 C:\xampp\htdocs\pip\public\index.php(67): CodeIgniter\CodeIgniter->run()
#12 C:\xampp\htdocs\pip\system\Commands\Server\rewrite.php(47): require_once('C:\\xampp\\htdocs...')
#13 {main}
CRITICAL - 2023-12-15 15:04:42 --> Column 'tanggal_sk' in field list is ambiguous
in SYSTEMPATH\Database\BaseConnection.php on line 645.
 1 SYSTEMPATH\Database\BaseBuilder.php(1601): CodeIgniter\Database\BaseConnection->query('SELECT `tanggal_sk`, `jenis_bantuan`, `tahap_id`
FROM `tbl_pip`, `tbl_bantuanlainnya`
WHERE `nama_pd` IS NULL
OR `nisn` = :nisn:', [...], false)
 2 SYSTEMPATH\Model.php(240): CodeIgniter\Database\BaseBuilder->get()
 3 SYSTEMPATH\BaseModel.php(618): CodeIgniter\Model->doFindAll(0, 0)
 4 APPPATH\Models\CariModel.php(16): CodeIgniter\BaseModel->findAll()
 5 APPPATH\Controllers\Dashboard.php(30): App\Models\CariModel->searchByNameAndNISN(null, 'qsasas')
 6 SYSTEMPATH\CodeIgniter.php(934): App\Controllers\Dashboard->search()
 7 SYSTEMPATH\CodeIgniter.php(499): CodeIgniter\CodeIgniter->runController(Object(App\Controllers\Dashboard))
 8 SYSTEMPATH\CodeIgniter.php(368): CodeIgniter\CodeIgniter->handleRequest(null, Object(Config\Cache), false)
 9 FCPATH\index.php(67): CodeIgniter\CodeIgniter->run()
10 SYSTEMPATH\Commands\Server\rewrite.php(47): require_once('FCPATH\\index.php')
CRITICAL - 2023-12-15 15:09:50 --> You must set the database table to be used with your query.
in SYSTEMPATH\Database\BaseConnection.php on line 882.
 1 SYSTEMPATH\Model.php(640): CodeIgniter\Database\BaseConnection->table(null)
 2 SYSTEMPATH\Model.php(830): CodeIgniter\Model->builder()
 3 APPPATH\Models\CariModel.php(14): CodeIgniter\Model->__call('select', [...])
 4 APPPATH\Controllers\Dashboard.php(29): App\Models\CariModel->searchByNISN('0156256262')
 5 SYSTEMPATH\CodeIgniter.php(934): App\Controllers\Dashboard->search()
 6 SYSTEMPATH\CodeIgniter.php(499): CodeIgniter\CodeIgniter->runController(Object(App\Controllers\Dashboard))
 7 SYSTEMPATH\CodeIgniter.php(368): CodeIgniter\CodeIgniter->handleRequest(null, Object(Config\Cache), false)
 8 FCPATH\index.php(67): CodeIgniter\CodeIgniter->run()
 9 SYSTEMPATH\Commands\Server\rewrite.php(47): require_once('FCPATH\\index.php')
CRITICAL - 2023-12-15 15:10:59 --> You must set the database table to be used with your query.
in SYSTEMPATH\Database\BaseConnection.php on line 882.
 1 SYSTEMPATH\Model.php(640): CodeIgniter\Database\BaseConnection->table(null)
 2 SYSTEMPATH\Model.php(801): CodeIgniter\Model->builder()
 3 APPPATH\Models\CariModel.php(14): CodeIgniter\Model->__get('tbl')
 4 APPPATH\Controllers\Dashboard.php(29): App\Models\CariModel->searchByNISN('0156256262')
 5 SYSTEMPATH\CodeIgniter.php(934): App\Controllers\Dashboard->search()
 6 SYSTEMPATH\CodeIgniter.php(499): CodeIgniter\CodeIgniter->runController(Object(App\Controllers\Dashboard))
 7 SYSTEMPATH\CodeIgniter.php(368): CodeIgniter\CodeIgniter->handleRequest(null, Object(Config\Cache), false)
 8 FCPATH\index.php(67): CodeIgniter\CodeIgniter->run()
 9 SYSTEMPATH\Commands\Server\rewrite.php(47): require_once('FCPATH\\index.php')
CRITICAL - 2023-12-15 15:11:18 --> You must set the database table to be used with your query.
in SYSTEMPATH\Database\BaseConnection.php on line 882.
 1 SYSTEMPATH\Model.php(640): CodeIgniter\Database\BaseConnection->table(null)
 2 SYSTEMPATH\Model.php(830): CodeIgniter\Model->builder()
 3 APPPATH\Models\CariModel.php(14): CodeIgniter\Model->__call('select', [...])
 4 APPPATH\Controllers\Dashboard.php(29): App\Models\CariModel->searchByNISN('0156256262')
 5 SYSTEMPATH\CodeIgniter.php(934): App\Controllers\Dashboard->search()
 6 SYSTEMPATH\CodeIgniter.php(499): CodeIgniter\CodeIgniter->runController(Object(App\Controllers\Dashboard))
 7 SYSTEMPATH\CodeIgniter.php(368): CodeIgniter\CodeIgniter->handleRequest(null, Object(Config\Cache), false)
 8 FCPATH\index.php(67): CodeIgniter\CodeIgniter->run()
 9 SYSTEMPATH\Commands\Server\rewrite.php(47): require_once('FCPATH\\index.php')
CRITICAL - 2023-12-15 15:11:26 --> You must set the database table to be used with your query.
in SYSTEMPATH\Database\BaseConnection.php on line 882.
 1 SYSTEMPATH\Model.php(640): CodeIgniter\Database\BaseConnection->table(null)
 2 SYSTEMPATH\Model.php(830): CodeIgniter\Model->builder()
 3 APPPATH\Models\CariModel.php(14): CodeIgniter\Model->__call('select', [...])
 4 APPPATH\Controllers\Dashboard.php(29): App\Models\CariModel->searchByNISN('0156256262')
 5 SYSTEMPATH\CodeIgniter.php(934): App\Controllers\Dashboard->search()
 6 SYSTEMPATH\CodeIgniter.php(499): CodeIgniter\CodeIgniter->runController(Object(App\Controllers\Dashboard))
 7 SYSTEMPATH\CodeIgniter.php(368): CodeIgniter\CodeIgniter->handleRequest(null, Object(Config\Cache), false)
 8 FCPATH\index.php(67): CodeIgniter\CodeIgniter->run()
 9 SYSTEMPATH\Commands\Server\rewrite.php(47): require_once('FCPATH\\index.php')
ERROR - 2023-12-15 15:13:16 --> mysqli_sql_exception: Column 'nama_pd' in field list is ambiguous in C:\xampp\htdocs\pip\system\Database\MySQLi\Connection.php:295
Stack trace:
#0 C:\xampp\htdocs\pip\system\Database\MySQLi\Connection.php(295): mysqli->query('SELECT `nama_pd...', 0)
#1 C:\xampp\htdocs\pip\system\Database\BaseConnection.php(691): CodeIgniter\Database\MySQLi\Connection->execute('SELECT `nama_pd...')
#2 C:\xampp\htdocs\pip\system\Database\BaseConnection.php(605): CodeIgniter\Database\BaseConnection->simpleQuery('SELECT `nama_pd...')
#3 C:\xampp\htdocs\pip\system\Database\BaseBuilder.php(1601): CodeIgniter\Database\BaseConnection->query('SELECT `nama_pd...', Array, false)
#4 C:\xampp\htdocs\pip\system\Model.php(240): CodeIgniter\Database\BaseBuilder->get()
#5 C:\xampp\htdocs\pip\system\BaseModel.php(618): CodeIgniter\Model->doFindAll(0, 0)
#6 C:\xampp\htdocs\pip\app\Models\CariModel.php(17): CodeIgniter\BaseModel->findAll()
#7 C:\xampp\htdocs\pip\app\Controllers\Dashboard.php(29): App\Models\CariModel->searchByNISN('0156256262')
#8 C:\xampp\htdocs\pip\system\CodeIgniter.php(934): App\Controllers\Dashboard->search()
#9 C:\xampp\htdocs\pip\system\CodeIgniter.php(499): CodeIgniter\CodeIgniter->runController(Object(App\Controllers\Dashboard))
#10 C:\xampp\htdocs\pip\system\CodeIgniter.php(368): CodeIgniter\CodeIgniter->handleRequest(NULL, Object(Config\Cache), false)
#11 C:\xampp\htdocs\pip\public\index.php(67): CodeIgniter\CodeIgniter->run()
#12 C:\xampp\htdocs\pip\system\Commands\Server\rewrite.php(47): require_once('C:\\xampp\\htdocs...')
#13 {main}
CRITICAL - 2023-12-15 15:13:16 --> Column 'nama_pd' in field list is ambiguous
in SYSTEMPATH\Database\BaseConnection.php on line 645.
 1 SYSTEMPATH\Database\BaseBuilder.php(1601): CodeIgniter\Database\BaseConnection->query('SELECT `nama_pd`, `nisn`, `tanggal_sk`, `jenis_bantuan`, `tahap_id`
FROM `tbl_pip`
LEFT JOIN `tbl_bantuanlainnya` ON `tbl_pip`.`nisn` = `tbl_bantuanlainnya`.`nisn`
WHERE `tbl_pip`.`nisn` = :tbl_pip.nisn:
OR `tbl_bantuanlainnya`.`nisn` = :tbl_bantuanlainnya.nisn:', [...], false)
 2 SYSTEMPATH\Model.php(240): CodeIgniter\Database\BaseBuilder->get()
 3 SYSTEMPATH\BaseModel.php(618): CodeIgniter\Model->doFindAll(0, 0)
 4 APPPATH\Models\CariModel.php(17): CodeIgniter\BaseModel->findAll()
 5 APPPATH\Controllers\Dashboard.php(29): App\Models\CariModel->searchByNISN('0156256262')
 6 SYSTEMPATH\CodeIgniter.php(934): App\Controllers\Dashboard->search()
 7 SYSTEMPATH\CodeIgniter.php(499): CodeIgniter\CodeIgniter->runController(Object(App\Controllers\Dashboard))
 8 SYSTEMPATH\CodeIgniter.php(368): CodeIgniter\CodeIgniter->handleRequest(null, Object(Config\Cache), false)
 9 FCPATH\index.php(67): CodeIgniter\CodeIgniter->run()
10 SYSTEMPATH\Commands\Server\rewrite.php(47): require_once('FCPATH\\index.php')
ERROR - 2023-12-15 15:14:28 --> mysqli_sql_exception: Column 'nama_pd' in field list is ambiguous in C:\xampp\htdocs\pip\system\Database\MySQLi\Connection.php:295
Stack trace:
#0 C:\xampp\htdocs\pip\system\Database\MySQLi\Connection.php(295): mysqli->query('SELECT `nama_pd...', 0)
#1 C:\xampp\htdocs\pip\system\Database\BaseConnection.php(691): CodeIgniter\Database\MySQLi\Connection->execute('SELECT `nama_pd...')
#2 C:\xampp\htdocs\pip\system\Database\BaseConnection.php(605): CodeIgniter\Database\BaseConnection->simpleQuery('SELECT `nama_pd...')
#3 C:\xampp\htdocs\pip\system\Database\BaseBuilder.php(1601): CodeIgniter\Database\BaseConnection->query('SELECT `nama_pd...', Array, false)
#4 C:\xampp\htdocs\pip\system\Model.php(240): CodeIgniter\Database\BaseBuilder->get()
#5 C:\xampp\htdocs\pip\system\BaseModel.php(618): CodeIgniter\Model->doFindAll(0, 0)
#6 C:\xampp\htdocs\pip\app\Models\CariModel.php(17): CodeIgniter\BaseModel->findAll()
#7 C:\xampp\htdocs\pip\app\Controllers\Dashboard.php(29): App\Models\CariModel->searchByNISN('0156256262')
#8 C:\xampp\htdocs\pip\system\CodeIgniter.php(934): App\Controllers\Dashboard->search()
#9 C:\xampp\htdocs\pip\system\CodeIgniter.php(499): CodeIgniter\CodeIgniter->runController(Object(App\Controllers\Dashboard))
#10 C:\xampp\htdocs\pip\system\CodeIgniter.php(368): CodeIgniter\CodeIgniter->handleRequest(NULL, Object(Config\Cache), false)
#11 C:\xampp\htdocs\pip\public\index.php(67): CodeIgniter\CodeIgniter->run()
#12 C:\xampp\htdocs\pip\system\Commands\Server\rewrite.php(47): require_once('C:\\xampp\\htdocs...')
#13 {main}
CRITICAL - 2023-12-15 15:14:28 --> Column 'nama_pd' in field list is ambiguous
in SYSTEMPATH\Database\BaseConnection.php on line 645.
 1 SYSTEMPATH\Database\BaseBuilder.php(1601): CodeIgniter\Database\BaseConnection->query('SELECT `nama_pd`, `nisn`, `tanggal_sk`, `jenis_bantuan`, `tahap_id`
FROM `tbl_pip`
LEFT JOIN `tbl_bantuanlainnya` ON `tbl_pip`.`nisn` = `tbl_bantuanlainnya`.`nisn`
WHERE `tbl_pip`.`nisn` = :tbl_pip.nisn:
OR `tbl_bantuanlainnya`.`nisn` = :tbl_bantuanlainnya.nisn:', [...], false)
 2 SYSTEMPATH\Model.php(240): CodeIgniter\Database\BaseBuilder->get()
 3 SYSTEMPATH\BaseModel.php(618): CodeIgniter\Model->doFindAll(0, 0)
 4 APPPATH\Models\CariModel.php(17): CodeIgniter\BaseModel->findAll()
 5 APPPATH\Controllers\Dashboard.php(29): App\Models\CariModel->searchByNISN('0156256262')
 6 SYSTEMPATH\CodeIgniter.php(934): App\Controllers\Dashboard->search()
 7 SYSTEMPATH\CodeIgniter.php(499): CodeIgniter\CodeIgniter->runController(Object(App\Controllers\Dashboard))
 8 SYSTEMPATH\CodeIgniter.php(368): CodeIgniter\CodeIgniter->handleRequest(null, Object(Config\Cache), false)
 9 FCPATH\index.php(67): CodeIgniter\CodeIgniter->run()
10 SYSTEMPATH\Commands\Server\rewrite.php(47): require_once('FCPATH\\index.php')
ERROR - 2023-12-15 15:14:57 --> mysqli_sql_exception: Column 'nama_pd' in field list is ambiguous in C:\xampp\htdocs\pip\system\Database\MySQLi\Connection.php:295
Stack trace:
#0 C:\xampp\htdocs\pip\system\Database\MySQLi\Connection.php(295): mysqli->query('SELECT `nama_pd...', 0)
#1 C:\xampp\htdocs\pip\system\Database\BaseConnection.php(691): CodeIgniter\Database\MySQLi\Connection->execute('SELECT `nama_pd...')
#2 C:\xampp\htdocs\pip\system\Database\BaseConnection.php(605): CodeIgniter\Database\BaseConnection->simpleQuery('SELECT `nama_pd...')
#3 C:\xampp\htdocs\pip\system\Database\BaseBuilder.php(1601): CodeIgniter\Database\BaseConnection->query('SELECT `nama_pd...', Array, false)
#4 C:\xampp\htdocs\pip\system\Model.php(240): CodeIgniter\Database\BaseBuilder->get()
#5 C:\xampp\htdocs\pip\system\BaseModel.php(618): CodeIgniter\Model->doFindAll(0, 0)
#6 C:\xampp\htdocs\pip\app\Models\CariModel.php(17): CodeIgniter\BaseModel->findAll()
#7 C:\xampp\htdocs\pip\app\Controllers\Dashboard.php(29): App\Models\CariModel->searchByNISN('0156256262')
#8 C:\xampp\htdocs\pip\system\CodeIgniter.php(934): App\Controllers\Dashboard->search()
#9 C:\xampp\htdocs\pip\system\CodeIgniter.php(499): CodeIgniter\CodeIgniter->runController(Object(App\Controllers\Dashboard))
#10 C:\xampp\htdocs\pip\system\CodeIgniter.php(368): CodeIgniter\CodeIgniter->handleRequest(NULL, Object(Config\Cache), false)
#11 C:\xampp\htdocs\pip\public\index.php(67): CodeIgniter\CodeIgniter->run()
#12 C:\xampp\htdocs\pip\system\Commands\Server\rewrite.php(47): require_once('C:\\xampp\\htdocs...')
#13 {main}
CRITICAL - 2023-12-15 15:14:57 --> Column 'nama_pd' in field list is ambiguous
in SYSTEMPATH\Database\BaseConnection.php on line 645.
 1 SYSTEMPATH\Database\BaseBuilder.php(1601): CodeIgniter\Database\BaseConnection->query('SELECT `nama_pd`, `nisn`, `tanggal_sk`, `jenis_bantuan`, `tahap_id`
FROM `tbl_pip`
LEFT JOIN `tbl_bantuanlainnya` ON `tbl_pip`.`nisn` = `tbl_bantuanlainnya`.`nisn`
WHERE `tbl_pip`.`nisn` = :tbl_pip.nisn:
OR `tbl_bantuanlainnya`.`nisn` = :tbl_bantuanlainnya.nisn:', [...], false)
 2 SYSTEMPATH\Model.php(240): CodeIgniter\Database\BaseBuilder->get()
 3 SYSTEMPATH\BaseModel.php(618): CodeIgniter\Model->doFindAll(0, 0)
 4 APPPATH\Models\CariModel.php(17): CodeIgniter\BaseModel->findAll()
 5 APPPATH\Controllers\Dashboard.php(29): App\Models\CariModel->searchByNISN('0156256262')
 6 SYSTEMPATH\CodeIgniter.php(934): App\Controllers\Dashboard->search()
 7 SYSTEMPATH\CodeIgniter.php(499): CodeIgniter\CodeIgniter->runController(Object(App\Controllers\Dashboard))
 8 SYSTEMPATH\CodeIgniter.php(368): CodeIgniter\CodeIgniter->handleRequest(null, Object(Config\Cache), false)
 9 FCPATH\index.php(67): CodeIgniter\CodeIgniter->run()
10 SYSTEMPATH\Commands\Server\rewrite.php(47): require_once('FCPATH\\index.php')
ERROR - 2023-12-15 15:15:21 --> mysqli_sql_exception: Column 'nama_pd' in field list is ambiguous in C:\xampp\htdocs\pip\system\Database\MySQLi\Connection.php:295
Stack trace:
#0 C:\xampp\htdocs\pip\system\Database\MySQLi\Connection.php(295): mysqli->query('SELECT `nama_pd...', 0)
#1 C:\xampp\htdocs\pip\system\Database\BaseConnection.php(691): CodeIgniter\Database\MySQLi\Connection->execute('SELECT `nama_pd...')
#2 C:\xampp\htdocs\pip\system\Database\BaseConnection.php(605): CodeIgniter\Database\BaseConnection->simpleQuery('SELECT `nama_pd...')
#3 C:\xampp\htdocs\pip\system\Database\BaseBuilder.php(1601): CodeIgniter\Database\BaseConnection->query('SELECT `nama_pd...', Array, false)
#4 C:\xampp\htdocs\pip\system\Model.php(240): CodeIgniter\Database\BaseBuilder->get()
#5 C:\xampp\htdocs\pip\system\BaseModel.php(618): CodeIgniter\Model->doFindAll(0, 0)
#6 C:\xampp\htdocs\pip\app\Models\CariModel.php(17): CodeIgniter\BaseModel->findAll()
#7 C:\xampp\htdocs\pip\app\Controllers\Dashboard.php(29): App\Models\CariModel->searchByNISN('')
#8 C:\xampp\htdocs\pip\system\CodeIgniter.php(934): App\Controllers\Dashboard->search()
#9 C:\xampp\htdocs\pip\system\CodeIgniter.php(499): CodeIgniter\CodeIgniter->runController(Object(App\Controllers\Dashboard))
#10 C:\xampp\htdocs\pip\system\CodeIgniter.php(368): CodeIgniter\CodeIgniter->handleRequest(NULL, Object(Config\Cache), false)
#11 C:\xampp\htdocs\pip\public\index.php(67): CodeIgniter\CodeIgniter->run()
#12 C:\xampp\htdocs\pip\system\Commands\Server\rewrite.php(47): require_once('C:\\xampp\\htdocs...')
#13 {main}
CRITICAL - 2023-12-15 15:15:21 --> Column 'nama_pd' in field list is ambiguous
in SYSTEMPATH\Database\BaseConnection.php on line 645.
 1 SYSTEMPATH\Database\BaseBuilder.php(1601): CodeIgniter\Database\BaseConnection->query('SELECT `nama_pd`, `nisn`, `tanggal_sk`, `jenis_bantuan`, `tahap_id`
FROM `tbl_pip`
LEFT JOIN `tbl_bantuanlainnya` ON `tbl_pip`.`nisn` = `tbl_bantuanlainnya`.`nisn`
WHERE `tbl_pip`.`nisn` = :tbl_pip.nisn:
OR `tbl_bantuanlainnya`.`nisn` = :tbl_bantuanlainnya.nisn:', [...], false)
 2 SYSTEMPATH\Model.php(240): CodeIgniter\Database\BaseBuilder->get()
 3 SYSTEMPATH\BaseModel.php(618): CodeIgniter\Model->doFindAll(0, 0)
 4 APPPATH\Models\CariModel.php(17): CodeIgniter\BaseModel->findAll()
 5 APPPATH\Controllers\Dashboard.php(29): App\Models\CariModel->searchByNISN('ROOTPATH\\public')
 6 SYSTEMPATH\CodeIgniter.php(934): App\Controllers\Dashboard->search()
 7 SYSTEMPATH\CodeIgniter.php(499): CodeIgniter\CodeIgniter->runController(Object(App\Controllers\Dashboard))
 8 SYSTEMPATH\CodeIgniter.php(368): CodeIgniter\CodeIgniter->handleRequest(null, Object(Config\Cache), false)
 9 FCPATH\index.php(67): CodeIgniter\CodeIgniter->run()
10 SYSTEMPATH\Commands\Server\rewrite.php(47): require_once('FCPATH\\index.php')
CRITICAL - 2023-12-15 15:16:34 --> Unmatched '}'
in APPPATH\Models\CariModel.php on line 21.
 1 SYSTEMPATH\Autoloader\Autoloader.php(289): CodeIgniter\Autoloader\Autoloader->includeFile('APPPATH\\Models\\CariModel.php')
 2 SYSTEMPATH\Autoloader\Autoloader.php(267): CodeIgniter\Autoloader\Autoloader->loadInNamespace('App\\Models\\CariModel')
 3 APPPATH\Controllers\Dashboard.php(13): CodeIgniter\Autoloader\Autoloader->loadClass('App\\Models\\CariModel')
 4 SYSTEMPATH\CodeIgniter.php(906): App\Controllers\Dashboard->__construct()
 5 SYSTEMPATH\CodeIgniter.php(490): CodeIgniter\CodeIgniter->createController()
 6 SYSTEMPATH\CodeIgniter.php(368): CodeIgniter\CodeIgniter->handleRequest(null, Object(Config\Cache), false)
 7 FCPATH\index.php(67): CodeIgniter\CodeIgniter->run()
 8 SYSTEMPATH\Commands\Server\rewrite.php(47): require_once('FCPATH\\index.php')
CRITICAL - 2023-12-15 15:16:50 --> You must set the database table to be used with your query.
in SYSTEMPATH\Database\BaseConnection.php on line 882.
 1 SYSTEMPATH\Model.php(640): CodeIgniter\Database\BaseConnection->table(null)
 2 SYSTEMPATH\Model.php(830): CodeIgniter\Model->builder()
 3 APPPATH\Models\CariModel.php(14): CodeIgniter\Model->__call('select', [...])
 4 APPPATH\Controllers\Dashboard.php(29): App\Models\CariModel->searchByNISN('ROOTPATH\\public')
 5 SYSTEMPATH\CodeIgniter.php(934): App\Controllers\Dashboard->search()
 6 SYSTEMPATH\CodeIgniter.php(499): CodeIgniter\CodeIgniter->runController(Object(App\Controllers\Dashboard))
 7 SYSTEMPATH\CodeIgniter.php(368): CodeIgniter\CodeIgniter->handleRequest(null, Object(Config\Cache), false)
 8 FCPATH\index.php(67): CodeIgniter\CodeIgniter->run()
 9 SYSTEMPATH\Commands\Server\rewrite.php(47): require_once('FCPATH\\index.php')
CRITICAL - 2023-12-15 15:18:49 --> You must set the database table to be used with your query.
in SYSTEMPATH\Database\BaseConnection.php on line 882.
 1 SYSTEMPATH\Model.php(640): CodeIgniter\Database\BaseConnection->table(null)
 2 SYSTEMPATH\Model.php(830): CodeIgniter\Model->builder()
 3 APPPATH\Models\CariModel.php(14): CodeIgniter\Model->__call('select', [...])
 4 APPPATH\Controllers\Dashboard.php(29): App\Models\CariModel->searchByNISN('ROOTPATH\\public')
 5 SYSTEMPATH\CodeIgniter.php(934): App\Controllers\Dashboard->search()
 6 SYSTEMPATH\CodeIgniter.php(499): CodeIgniter\CodeIgniter->runController(Object(App\Controllers\Dashboard))
 7 SYSTEMPATH\CodeIgniter.php(368): CodeIgniter\CodeIgniter->handleRequest(null, Object(Config\Cache), false)
 8 FCPATH\index.php(67): CodeIgniter\CodeIgniter->run()
 9 SYSTEMPATH\Commands\Server\rewrite.php(47): require_once('FCPATH\\index.php')
CRITICAL - 2023-12-15 15:25:43 --> Invalid file: "admin/dasbhboard.php"
in SYSTEMPATH\Exceptions\FrameworkException.php on line 33.
 1 SYSTEMPATH\View\View.php(201): CodeIgniter\Exceptions\FrameworkException::forInvalidFile('admin/dasbhboard.php')
 2 SYSTEMPATH\Common.php(1177): CodeIgniter\View\View->render('admin/dasbhboard', [], true)
 3 APPPATH\Controllers\Dashboard.php(31): view('admin/dasbhboard', [...])
 4 SYSTEMPATH\CodeIgniter.php(934): App\Controllers\Dashboard->search()
 5 SYSTEMPATH\CodeIgniter.php(499): CodeIgniter\CodeIgniter->runController(Object(App\Controllers\Dashboard))
 6 SYSTEMPATH\CodeIgniter.php(368): CodeIgniter\CodeIgniter->handleRequest(null, Object(Config\Cache), false)
 7 FCPATH\index.php(67): CodeIgniter\CodeIgniter->run()
 8 SYSTEMPATH\Commands\Server\rewrite.php(47): require_once('FCPATH\\index.php')
CRITICAL - 2023-12-15 15:27:17 --> Invalid file: "admin/dasbhboard.php"
in SYSTEMPATH\Exceptions\FrameworkException.php on line 33.
 1 SYSTEMPATH\View\View.php(201): CodeIgniter\Exceptions\FrameworkException::forInvalidFile('admin/dasbhboard.php')
 2 SYSTEMPATH\Common.php(1177): CodeIgniter\View\View->render('admin/dasbhboard', [], true)
 3 APPPATH\Controllers\Dashboard.php(31): view('admin/dasbhboard', [...])
 4 SYSTEMPATH\CodeIgniter.php(934): App\Controllers\Dashboard->search()
 5 SYSTEMPATH\CodeIgniter.php(499): CodeIgniter\CodeIgniter->runController(Object(App\Controllers\Dashboard))
 6 SYSTEMPATH\CodeIgniter.php(368): CodeIgniter\CodeIgniter->handleRequest(null, Object(Config\Cache), false)
 7 FCPATH\index.php(67): CodeIgniter\CodeIgniter->run()
 8 SYSTEMPATH\Commands\Server\rewrite.php(47): require_once('FCPATH\\index.php')
CRITICAL - 2023-12-15 15:27:54 --> Invalid file: "admin/dasbhboard.php"
in SYSTEMPATH\Exceptions\FrameworkException.php on line 33.
 1 SYSTEMPATH\View\View.php(201): CodeIgniter\Exceptions\FrameworkException::forInvalidFile('admin/dasbhboard.php')
 2 SYSTEMPATH\Common.php(1177): CodeIgniter\View\View->render('admin/dasbhboard', [], true)
 3 APPPATH\Controllers\Dashboard.php(31): view('admin/dasbhboard', [...])
 4 SYSTEMPATH\CodeIgniter.php(934): App\Controllers\Dashboard->search()
 5 SYSTEMPATH\CodeIgniter.php(499): CodeIgniter\CodeIgniter->runController(Object(App\Controllers\Dashboard))
 6 SYSTEMPATH\CodeIgniter.php(368): CodeIgniter\CodeIgniter->handleRequest(null, Object(Config\Cache), false)
 7 FCPATH\index.php(67): CodeIgniter\CodeIgniter->run()
 8 SYSTEMPATH\Commands\Server\rewrite.php(47): require_once('FCPATH\\index.php')
CRITICAL - 2023-12-15 15:29:35 --> Undefined variable $judul
in APPPATH\Views\template\header.php on line 8.
 1 APPPATH\Views\template\header.php(8): CodeIgniter\Debug\Exceptions->errorHandler(2, 'Undefined variable $judul', 'APPPATH\\Views\\template\\header.php', 8)
 2 SYSTEMPATH\View\View.php(213): include('APPPATH\\Views\\template\\header.php')
 3 SYSTEMPATH\View\View.php(216): CodeIgniter\View\View->CodeIgniter\View\{closure}()
 4 SYSTEMPATH\Common.php(1177): CodeIgniter\View\View->render('template/header.php', [], true)
 5 APPPATH\Views\admin\dashboard.php(1): view('template/header.php')
 6 SYSTEMPATH\View\View.php(213): include('APPPATH\\Views\\admin\\dashboard.php')
 7 SYSTEMPATH\View\View.php(216): CodeIgniter\View\View->CodeIgniter\View\{closure}()
 8 SYSTEMPATH\Common.php(1177): CodeIgniter\View\View->render('admin/dashboard', [], true)
 9 APPPATH\Controllers\Dashboard.php(32): view('admin/dashboard', [...])
10 SYSTEMPATH\CodeIgniter.php(934): App\Controllers\Dashboard->search()
11 SYSTEMPATH\CodeIgniter.php(499): CodeIgniter\CodeIgniter->runController(Object(App\Controllers\Dashboard))
12 SYSTEMPATH\CodeIgniter.php(368): CodeIgniter\CodeIgniter->handleRequest(null, Object(Config\Cache), false)
13 FCPATH\index.php(67): CodeIgniter\CodeIgniter->run()
14 SYSTEMPATH\Commands\Server\rewrite.php(47): require_once('FCPATH\\index.php')
ERROR - 2023-12-15 16:04:58 --> mysqli_sql_exception: Table 'kdrj_bantuanpd.tbl_bantuan' doesn't exist in C:\xampp\htdocs\pip\system\Database\MySQLi\Connection.php:295
Stack trace:
#0 C:\xampp\htdocs\pip\system\Database\MySQLi\Connection.php(295): mysqli->query('SELECT `nama_pd...', 0)
#1 C:\xampp\htdocs\pip\system\Database\BaseConnection.php(691): CodeIgniter\Database\MySQLi\Connection->execute('SELECT `nama_pd...')
#2 C:\xampp\htdocs\pip\system\Database\BaseConnection.php(605): CodeIgniter\Database\BaseConnection->simpleQuery('SELECT `nama_pd...')
#3 C:\xampp\htdocs\pip\system\Database\BaseBuilder.php(1601): CodeIgniter\Database\BaseConnection->query('SELECT `nama_pd...', Array, false)
#4 C:\xampp\htdocs\pip\app\Models\CariModel.php(21): CodeIgniter\Database\BaseBuilder->get()
#5 C:\xampp\htdocs\pip\app\Controllers\Dashboard.php(28): App\Models\CariModel->searchByNisn('1234')
#6 C:\xampp\htdocs\pip\system\CodeIgniter.php(934): App\Controllers\Dashboard->search()
#7 C:\xampp\htdocs\pip\system\CodeIgniter.php(499): CodeIgniter\CodeIgniter->runController(Object(App\Controllers\Dashboard))
#8 C:\xampp\htdocs\pip\system\CodeIgniter.php(368): CodeIgniter\CodeIgniter->handleRequest(NULL, Object(Config\Cache), false)
#9 C:\xampp\htdocs\pip\public\index.php(67): CodeIgniter\CodeIgniter->run()
#10 C:\xampp\htdocs\pip\system\Commands\Server\rewrite.php(47): require_once('C:\\xampp\\htdocs...')
#11 {main}
CRITICAL - 2023-12-15 16:04:58 --> Table 'kdrj_bantuanpd.tbl_bantuan' doesn't exist
in SYSTEMPATH\Database\BaseConnection.php on line 645.
 1 SYSTEMPATH\Database\BaseBuilder.php(1601): CodeIgniter\Database\BaseConnection->query('SELECT `nama_pd`, `jenis_bantuan`, `tanggal_sk`, `tahap_id`, `nisn`
FROM `tbl_pip`
JOIN `tbl_bantuan` ON `tbl_pip`.`nisn` = `tbl_bantuan`.`nisn`
WHERE `tbl_pip`.`nisn` = :tbl_pip.nisn:
OR `tbl_bantuan`.`nisn` = :tbl_bantuan.nisn:', [...], false)
 2 APPPATH\Models\CariModel.php(21): CodeIgniter\Database\BaseBuilder->get()
 3 APPPATH\Controllers\Dashboard.php(28): App\Models\CariModel->searchByNisn('1234')
 4 SYSTEMPATH\CodeIgniter.php(934): App\Controllers\Dashboard->search()
 5 SYSTEMPATH\CodeIgniter.php(499): CodeIgniter\CodeIgniter->runController(Object(App\Controllers\Dashboard))
 6 SYSTEMPATH\CodeIgniter.php(368): CodeIgniter\CodeIgniter->handleRequest(null, Object(Config\Cache), false)
 7 FCPATH\index.php(67): CodeIgniter\CodeIgniter->run()
 8 SYSTEMPATH\Commands\Server\rewrite.php(47): require_once('FCPATH\\index.php')
ERROR - 2023-12-15 16:05:13 --> mysqli_sql_exception: Column 'nama_pd' in field list is ambiguous in C:\xampp\htdocs\pip\system\Database\MySQLi\Connection.php:295
Stack trace:
#0 C:\xampp\htdocs\pip\system\Database\MySQLi\Connection.php(295): mysqli->query('SELECT `nama_pd...', 0)
#1 C:\xampp\htdocs\pip\system\Database\BaseConnection.php(691): CodeIgniter\Database\MySQLi\Connection->execute('SELECT `nama_pd...')
#2 C:\xampp\htdocs\pip\system\Database\BaseConnection.php(605): CodeIgniter\Database\BaseConnection->simpleQuery('SELECT `nama_pd...')
#3 C:\xampp\htdocs\pip\system\Database\BaseBuilder.php(1601): CodeIgniter\Database\BaseConnection->query('SELECT `nama_pd...', Array, false)
#4 C:\xampp\htdocs\pip\app\Models\CariModel.php(21): CodeIgniter\Database\BaseBuilder->get()
#5 C:\xampp\htdocs\pip\app\Controllers\Dashboard.php(28): App\Models\CariModel->searchByNisn('1234')
#6 C:\xampp\htdocs\pip\system\CodeIgniter.php(934): App\Controllers\Dashboard->search()
#7 C:\xampp\htdocs\pip\system\CodeIgniter.php(499): CodeIgniter\CodeIgniter->runController(Object(App\Controllers\Dashboard))
#8 C:\xampp\htdocs\pip\system\CodeIgniter.php(368): CodeIgniter\CodeIgniter->handleRequest(NULL, Object(Config\Cache), false)
#9 C:\xampp\htdocs\pip\public\index.php(67): CodeIgniter\CodeIgniter->run()
#10 C:\xampp\htdocs\pip\system\Commands\Server\rewrite.php(47): require_once('C:\\xampp\\htdocs...')
#11 {main}
CRITICAL - 2023-12-15 16:05:13 --> Column 'nama_pd' in field list is ambiguous
in SYSTEMPATH\Database\BaseConnection.php on line 645.
 1 SYSTEMPATH\Database\BaseBuilder.php(1601): CodeIgniter\Database\BaseConnection->query('SELECT `nama_pd`, `jenis_bantuan`, `tanggal_sk`, `tahap_id`, `nisn`
FROM `tbl_pip`
JOIN `tbl_bantuanlainnya` ON `tbl_pip`.`nisn` = `tbl_bantuanlainnya`.`nisn`
WHERE `tbl_pip`.`nisn` = :tbl_pip.nisn:
OR `tbl_bantuanlainnya`.`nisn` = :tbl_bantuanlainnya.nisn:', [...], false)
 2 APPPATH\Models\CariModel.php(21): CodeIgniter\Database\BaseBuilder->get()
 3 APPPATH\Controllers\Dashboard.php(28): App\Models\CariModel->searchByNisn('1234')
 4 SYSTEMPATH\CodeIgniter.php(934): App\Controllers\Dashboard->search()
 5 SYSTEMPATH\CodeIgniter.php(499): CodeIgniter\CodeIgniter->runController(Object(App\Controllers\Dashboard))
 6 SYSTEMPATH\CodeIgniter.php(368): CodeIgniter\CodeIgniter->handleRequest(null, Object(Config\Cache), false)
 7 FCPATH\index.php(67): CodeIgniter\CodeIgniter->run()
 8 SYSTEMPATH\Commands\Server\rewrite.php(47): require_once('FCPATH\\index.php')
CRITICAL - 2023-12-15 16:36:53 --> Attempt to read property "nama_pd" on array
in APPPATH\Views\admin\dashboard.php on line 27.
 1 APPPATH\Views\admin\dashboard.php(27): CodeIgniter\Debug\Exceptions->errorHandler(2, 'Attempt to read property "nama_pd" on array', 'APPPATH\\Views\\admin\\dashboard.php', 27)
 2 SYSTEMPATH\View\View.php(213): include('APPPATH\\Views\\admin\\dashboard.php')
 3 SYSTEMPATH\View\View.php(216): CodeIgniter\View\View->CodeIgniter\View\{closure}()
 4 SYSTEMPATH\Common.php(1177): CodeIgniter\View\View->render('admin/dashboard', [], true)
 5 APPPATH\Controllers\Dashboard.php(53): view('admin/dashboard', [...])
 6 SYSTEMPATH\CodeIgniter.php(934): App\Controllers\Dashboard->search()
 7 SYSTEMPATH\CodeIgniter.php(499): CodeIgniter\CodeIgniter->runController(Object(App\Controllers\Dashboard))
 8 SYSTEMPATH\CodeIgniter.php(368): CodeIgniter\CodeIgniter->handleRequest(null, Object(Config\Cache), false)
 9 FCPATH\index.php(67): CodeIgniter\CodeIgniter->run()
10 SYSTEMPATH\Commands\Server\rewrite.php(47): require_once('FCPATH\\index.php')
CRITICAL - 2023-12-15 16:43:35 --> Call to undefined method App\Models\PipModel::leftJoin
in SYSTEMPATH\Model.php on line 840.
 1 APPPATH\Controllers\Dashboard.php(42): CodeIgniter\Model->__call('leftJoin', [...])
 2 SYSTEMPATH\CodeIgniter.php(934): App\Controllers\Dashboard->search()
 3 SYSTEMPATH\CodeIgniter.php(499): CodeIgniter\CodeIgniter->runController(Object(App\Controllers\Dashboard))
 4 SYSTEMPATH\CodeIgniter.php(368): CodeIgniter\CodeIgniter->handleRequest(null, Object(Config\Cache), false)
 5 FCPATH\index.php(67): CodeIgniter\CodeIgniter->run()
 6 SYSTEMPATH\Commands\Server\rewrite.php(47): require_once('FCPATH\\index.php')
CRITICAL - 2023-12-15 17:13:50 --> Too few arguments to function App\Controllers\Dashboard::searchByNisn(), 0 passed in C:\xampp\htdocs\pip\system\CodeIgniter.php on line 934 and exactly 1 expected
in APPPATH\Controllers\Dashboard.php on line 29.
 1 SYSTEMPATH\CodeIgniter.php(934): App\Controllers\Dashboard->searchByNisn()
 2 SYSTEMPATH\CodeIgniter.php(499): CodeIgniter\CodeIgniter->runController(Object(App\Controllers\Dashboard))
 3 SYSTEMPATH\CodeIgniter.php(368): CodeIgniter\CodeIgniter->handleRequest(null, Object(Config\Cache), false)
 4 FCPATH\index.php(67): CodeIgniter\CodeIgniter->run()
 5 SYSTEMPATH\Commands\Server\rewrite.php(47): require_once('FCPATH\\index.php')
CRITICAL - 2023-12-15 17:15:01 --> Too few arguments to function App\Controllers\Dashboard::searchByNisn(), 0 passed in C:\xampp\htdocs\pip\system\CodeIgniter.php on line 934 and exactly 1 expected
in APPPATH\Controllers\Dashboard.php on line 29.
 1 SYSTEMPATH\CodeIgniter.php(934): App\Controllers\Dashboard->searchByNisn()
 2 SYSTEMPATH\CodeIgniter.php(499): CodeIgniter\CodeIgniter->runController(Object(App\Controllers\Dashboard))
 3 SYSTEMPATH\CodeIgniter.php(368): CodeIgniter\CodeIgniter->handleRequest(null, Object(Config\Cache), false)
 4 FCPATH\index.php(67): CodeIgniter\CodeIgniter->run()
 5 SYSTEMPATH\Commands\Server\rewrite.php(47): require_once('FCPATH\\index.php')
CRITICAL - 2023-12-15 17:18:32 --> Undefined variable $data
in APPPATH\Controllers\Dashboard.php on line 47.
 1 APPPATH\Controllers\Dashboard.php(47): CodeIgniter\Debug\Exceptions->errorHandler(2, 'Undefined variable $data', 'APPPATH\\Controllers\\Dashboard.php', 47)
 2 SYSTEMPATH\CodeIgniter.php(934): App\Controllers\Dashboard->searchByNisn()
 3 SYSTEMPATH\CodeIgniter.php(499): CodeIgniter\CodeIgniter->runController(Object(App\Controllers\Dashboard))
 4 SYSTEMPATH\CodeIgniter.php(368): CodeIgniter\CodeIgniter->handleRequest(null, Object(Config\Cache), false)
 5 FCPATH\index.php(67): CodeIgniter\CodeIgniter->run()
 6 SYSTEMPATH\Commands\Server\rewrite.php(47): require_once('FCPATH\\index.php')
CRITICAL - 2023-12-15 17:18:49 --> Undefined variable $judul
in APPPATH\Views\template\header.php on line 8.
 1 APPPATH\Views\template\header.php(8): CodeIgniter\Debug\Exceptions->errorHandler(2, 'Undefined variable $judul', 'APPPATH\\Views\\template\\header.php', 8)
 2 SYSTEMPATH\View\View.php(213): include('APPPATH\\Views\\template\\header.php')
 3 SYSTEMPATH\View\View.php(216): CodeIgniter\View\View->CodeIgniter\View\{closure}()
 4 SYSTEMPATH\Common.php(1177): CodeIgniter\View\View->render('template/header.php', [], true)
 5 APPPATH\Views\admin\dashboard.php(1): view('template/header.php')
 6 SYSTEMPATH\View\View.php(213): include('APPPATH\\Views\\admin\\dashboard.php')
 7 SYSTEMPATH\View\View.php(216): CodeIgniter\View\View->CodeIgniter\View\{closure}()
 8 SYSTEMPATH\Common.php(1177): CodeIgniter\View\View->render('admin/dashboard', [], true)
 9 APPPATH\Controllers\Dashboard.php(47): view('admin/dashboard')
10 SYSTEMPATH\CodeIgniter.php(934): App\Controllers\Dashboard->searchByNisn()
11 SYSTEMPATH\CodeIgniter.php(499): CodeIgniter\CodeIgniter->runController(Object(App\Controllers\Dashboard))
12 SYSTEMPATH\CodeIgniter.php(368): CodeIgniter\CodeIgniter->handleRequest(null, Object(Config\Cache), false)
13 FCPATH\index.php(67): CodeIgniter\CodeIgniter->run()
14 SYSTEMPATH\Commands\Server\rewrite.php(47): require_once('FCPATH\\index.php')
CRITICAL - 2023-12-15 17:32:47 --> Too few arguments to function App\Controllers\Dashboard::searchByNisn(), 0 passed in C:\xampp\htdocs\pip\system\CodeIgniter.php on line 934 and exactly 1 expected
in APPPATH\Controllers\Dashboard.php on line 29.
 1 SYSTEMPATH\CodeIgniter.php(934): App\Controllers\Dashboard->searchByNisn()
 2 SYSTEMPATH\CodeIgniter.php(499): CodeIgniter\CodeIgniter->runController(Object(App\Controllers\Dashboard))
 3 SYSTEMPATH\CodeIgniter.php(368): CodeIgniter\CodeIgniter->handleRequest(null, Object(Config\Cache), false)
 4 FCPATH\index.php(67): CodeIgniter\CodeIgniter->run()
 5 SYSTEMPATH\Commands\Server\rewrite.php(47): require_once('FCPATH\\index.php')
CRITICAL - 2023-12-15 17:32:58 --> Too few arguments to function App\Controllers\Dashboard::searchByNisn(), 0 passed in C:\xampp\htdocs\pip\system\CodeIgniter.php on line 934 and exactly 1 expected
in APPPATH\Controllers\Dashboard.php on line 29.
 1 SYSTEMPATH\CodeIgniter.php(934): App\Controllers\Dashboard->searchByNisn()
 2 SYSTEMPATH\CodeIgniter.php(499): CodeIgniter\CodeIgniter->runController(Object(App\Controllers\Dashboard))
 3 SYSTEMPATH\CodeIgniter.php(368): CodeIgniter\CodeIgniter->handleRequest(null, Object(Config\Cache), false)
 4 FCPATH\index.php(67): CodeIgniter\CodeIgniter->run()
 5 SYSTEMPATH\Commands\Server\rewrite.php(47): require_once('FCPATH\\index.php')
CRITICAL - 2023-12-15 17:59:16 --> Undefined variable $nisn
in APPPATH\Views\admin\dashboard.php on line 7.
 1 APPPATH\Views\admin\dashboard.php(7): CodeIgniter\Debug\Exceptions->errorHandler(2, 'Undefined variable $nisn', 'APPPATH\\Views\\admin\\dashboard.php', 7)
 2 SYSTEMPATH\View\View.php(213): include('APPPATH\\Views\\admin\\dashboard.php')
 3 SYSTEMPATH\View\View.php(216): CodeIgniter\View\View->CodeIgniter\View\{closure}()
 4 SYSTEMPATH\Common.php(1177): CodeIgniter\View\View->render('admin/dashboard', [], true)
 5 APPPATH\Controllers\Dashboard.php(26): view('admin/dashboard', [...])
 6 SYSTEMPATH\CodeIgniter.php(934): App\Controllers\Dashboard->index()
 7 SYSTEMPATH\CodeIgniter.php(499): CodeIgniter\CodeIgniter->runController(Object(App\Controllers\Dashboard))
 8 SYSTEMPATH\CodeIgniter.php(368): CodeIgniter\CodeIgniter->handleRequest(null, Object(Config\Cache), false)
 9 FCPATH\index.php(67): CodeIgniter\CodeIgniter->run()
10 SYSTEMPATH\Commands\Server\rewrite.php(47): require_once('FCPATH\\index.php')
CRITICAL - 2023-12-15 18:02:46 --> Too few arguments to function App\Controllers\Dashboard::searchByNisn(), 0 passed in C:\xampp\htdocs\pip\system\CodeIgniter.php on line 934 and exactly 1 expected
in APPPATH\Controllers\Dashboard.php on line 29.
 1 SYSTEMPATH\CodeIgniter.php(934): App\Controllers\Dashboard->searchByNisn()
 2 SYSTEMPATH\CodeIgniter.php(499): CodeIgniter\CodeIgniter->runController(Object(App\Controllers\Dashboard))
 3 SYSTEMPATH\CodeIgniter.php(368): CodeIgniter\CodeIgniter->handleRequest(null, Object(Config\Cache), false)
 4 FCPATH\index.php(67): CodeIgniter\CodeIgniter->run()
 5 SYSTEMPATH\Commands\Server\rewrite.php(47): require_once('FCPATH\\index.php')
CRITICAL - 2023-12-15 18:06:34 --> Too few arguments to function App\Controllers\Dashboard::getDataByNISN(), 0 passed in C:\xampp\htdocs\pip\system\CodeIgniter.php on line 934 and exactly 1 expected
in APPPATH\Controllers\Dashboard.php on line 29.
 1 SYSTEMPATH\CodeIgniter.php(934): App\Controllers\Dashboard->getDataByNISN()
 2 SYSTEMPATH\CodeIgniter.php(499): CodeIgniter\CodeIgniter->runController(Object(App\Controllers\Dashboard))
 3 SYSTEMPATH\CodeIgniter.php(368): CodeIgniter\CodeIgniter->handleRequest(null, Object(Config\Cache), false)
 4 FCPATH\index.php(67): CodeIgniter\CodeIgniter->run()
 5 SYSTEMPATH\Commands\Server\rewrite.php(47): require_once('FCPATH\\index.php')
CRITICAL - 2023-12-15 18:09:18 --> Too few arguments to function App\Controllers\Dashboard::getDataByNISN(), 0 passed in C:\xampp\htdocs\pip\system\CodeIgniter.php on line 934 and exactly 1 expected
in APPPATH\Controllers\Dashboard.php on line 29.
 1 SYSTEMPATH\CodeIgniter.php(934): App\Controllers\Dashboard->getDataByNISN()
 2 SYSTEMPATH\CodeIgniter.php(499): CodeIgniter\CodeIgniter->runController(Object(App\Controllers\Dashboard))
 3 SYSTEMPATH\CodeIgniter.php(368): CodeIgniter\CodeIgniter->handleRequest(null, Object(Config\Cache), false)
 4 FCPATH\index.php(67): CodeIgniter\CodeIgniter->run()
 5 SYSTEMPATH\Commands\Server\rewrite.php(47): require_once('FCPATH\\index.php')
CRITICAL - 2023-12-15 18:09:47 --> Too few arguments to function App\Controllers\Dashboard::getDataByNISN(), 0 passed in C:\xampp\htdocs\pip\system\CodeIgniter.php on line 934 and exactly 1 expected
in APPPATH\Controllers\Dashboard.php on line 29.
 1 SYSTEMPATH\CodeIgniter.php(934): App\Controllers\Dashboard->getDataByNISN()
 2 SYSTEMPATH\CodeIgniter.php(499): CodeIgniter\CodeIgniter->runController(Object(App\Controllers\Dashboard))
 3 SYSTEMPATH\CodeIgniter.php(368): CodeIgniter\CodeIgniter->handleRequest(null, Object(Config\Cache), false)
 4 FCPATH\index.php(67): CodeIgniter\CodeIgniter->run()
 5 SYSTEMPATH\Commands\Server\rewrite.php(47): require_once('FCPATH\\index.php')
CRITICAL - 2023-12-15 18:54:20 --> Call to undefined method App\Models\PipModel::searchByNisnJoin
in SYSTEMPATH\Model.php on line 840.
 1 APPPATH\Controllers\Dashboard.php(43): CodeIgniter\Model->__call('searchByNisnJoin', [...])
 2 SYSTEMPATH\CodeIgniter.php(934): App\Controllers\Dashboard->searchByNisn('$1')
 3 SYSTEMPATH\CodeIgniter.php(499): CodeIgniter\CodeIgniter->runController(Object(App\Controllers\Dashboard))
 4 SYSTEMPATH\CodeIgniter.php(368): CodeIgniter\CodeIgniter->handleRequest(null, Object(Config\Cache), false)
 5 FCPATH\index.php(67): CodeIgniter\CodeIgniter->run()
 6 SYSTEMPATH\Commands\Server\rewrite.php(47): require_once('FCPATH\\index.php')
CRITICAL - 2023-12-15 22:02:13 --> Undefined variable $foundResult
in APPPATH\Views\admin\dashboard.php on line 102.
 1 APPPATH\Views\admin\dashboard.php(102): CodeIgniter\Debug\Exceptions->errorHandler(2, 'Undefined variable $foundResult', 'APPPATH\\Views\\admin\\dashboard.php', 102)
 2 SYSTEMPATH\View\View.php(213): include('APPPATH\\Views\\admin\\dashboard.php')
 3 SYSTEMPATH\View\View.php(216): CodeIgniter\View\View->CodeIgniter\View\{closure}()
 4 SYSTEMPATH\Common.php(1177): CodeIgniter\View\View->render('admin/dashboard', [], true)
 5 APPPATH\Controllers\Dashboard.php(12): view('admin/dashboard', [...])
 6 SYSTEMPATH\CodeIgniter.php(934): App\Controllers\Dashboard->index()
 7 SYSTEMPATH\CodeIgniter.php(499): CodeIgniter\CodeIgniter->runController(Object(App\Controllers\Dashboard))
 8 SYSTEMPATH\CodeIgniter.php(368): CodeIgniter\CodeIgniter->handleRequest(null, Object(Config\Cache), false)
 9 FCPATH\index.php(67): CodeIgniter\CodeIgniter->run()
10 SYSTEMPATH\Commands\Server\rewrite.php(47): require_once('FCPATH\\index.php')
INFO - 2023-12-15 22:09:05 --> Session: Class initialized using 'CodeIgniter\Session\Handlers\FileHandler' driver.
